Base path: 'C:/Program Files/Unity/Hub/Editor/2019.4.26f1/Editor/Data', plugins path 'C:/Program Files/Unity/Hub/Editor/2019.4.26f1/Editor/Data/PlaybackEngines'
Cmd: initializeCompiler
Cmd: compileComputeKernel
  api=4 insize=18337 outsize=8653 ok=1
Cmd: compileComputeKernel
  api=4 insize=4415 outsize=2864 ok=1
Cmd: compileComputeKernel
  api=4 insize=5017 outsize=9142 ok=1
Cmd: compileComputeKernel
  api=4 insize=5735 outsize=6023 ok=1
Cmd: compileComputeKernel
  api=4 insize=2558 outsize=889 ok=1
Cmd: compileComputeKernel
  api=4 insize=14460 outsize=2516 ok=1
Cmd: compileComputeKernel
  api=4 insize=13302 outsize=4822 ok=1
Cmd: compileComputeKernel
  api=4 insize=8888 outsize=6411 ok=1
Cmd: compileComputeKernel
  api=4 insize=21845 outsize=5165 ok=1
Cmd: compileComputeKernel
  error: 1 plat 4 at Sort.compute(8): 'multi_compile' : unknown pragma ignored
  api=4 insize=9233 outsize=2791 ok=1
Cmd: compileComputeKernel
  api=4 insize=26415 outsize=15439 ok=1
Cmd: compileComputeKernel
  error: 1 plat 4 at Deferred.compute(35): 'multi_compile' : unknown pragma ignored
  error: 1 plat 4 at Deferred.compute(36): 'multi_compile' : unknown pragma ignored
  error: 1 plat 4 at Deferred.compute(38): 'multi_compile' : unknown pragma ignored
  error: 2 plat 4 at Packages/com.unity.render-pipelines.high-definition/Runtime/Lighting/Shadow/HDShadowAlgorithms.hlsl(27): "Undefined punctual shadow filter algorithm"
  api=4 insize=10818 outsize=0 ok=0
Cmd: compileComputeKernel
  error: 1 plat 4 at Deferred.compute(35): 'multi_compile' : unknown pragma ignored
  error: 1 plat 4 at Deferred.compute(36): 'multi_compile' : unknown pragma ignored
  error: 1 plat 4 at Deferred.compute(38): 'multi_compile' : unknown pragma ignored
  error: 2 plat 4 at Packages/com.unity.render-pipelines.high-definition/Runtime/Lighting/Shadow/HDShadowAlgorithms.hlsl(27): "Undefined punctual shadow filter algorithm"
  api=4 insize=10818 outsize=0 ok=0
Cmd: compileComputeKernel
  error: 1 plat 4 at Deferred.compute(35): 'multi_compile' : unknown pragma ignored
  error: 1 plat 4 at Deferred.compute(36): 'multi_compile' : unknown pragma ignored
  error: 1 plat 4 at Deferred.compute(38): 'multi_compile' : unknown pragma ignored
  error: 2 plat 4 at Packages/com.unity.render-pipelines.high-definition/Runtime/Lighting/Shadow/HDShadowAlgorithms.hlsl(27): "Undefined punctual shadow filter algorithm"
  api=4 insize=10818 outsize=0 ok=0
Cmd: compileComputeKernel
  api=4 insize=33306 outsize=5713 ok=1
Cmd: compileSnippet
  api=4 type=1 insize=1460 outsize=3966 kw=UNITY_PASS_FORWARDADD SPOT pd=UNITY_ENABLE_REFLECTION_BUFFERS UNITY_USE_DITHER_MASK_FOR_ALPHABLENDED_SHADOWS UNITY_PBS_USE_BRDF1 UNITY_SPECCUBE_BOX_PROJECTION UNITY_SPECCUBE_BLENDING UNITY_ENABLE_DETAIL_NORMALMAP SHADER_API_DESKTOP UNITY_LIGHT_PROBE_PROXY_VOLUME UNITY_LIGHTMAP_FULL_HDR ok=1
Cmd: compileSnippet
  api=4 type=0 insize=934 outsize=818 kw= pd=UNITY_ENABLE_REFLECTION_BUFFERS UNITY_USE_DITHER_MASK_FOR_ALPHABLENDED_SHADOWS UNITY_PBS_USE_BRDF1 UNITY_SPECCUBE_BOX_PROJECTION UNITY_SPECCUBE_BLENDING UNITY_ENABLE_DETAIL_NORMALMAP SHADER_API_DESKTOP UNITY_LIGHT_PROBE_PROXY_VOLUME UNITY_LIGHTMAP_FULL_HDR ok=1
Cmd: shutdown
