Base path: 'C:/Program Files/Unity/Hub/Editor/2019.4.26f1/Editor/Data', plugins path 'C:/Program Files/Unity/Hub/Editor/2019.4.26f1/Editor/Data/PlaybackEngines'
Cmd: initializeCompiler
Cmd: compileComputeKernel
  api=4 insize=18337 outsize=8523 ok=1
Cmd: compileComputeKernel
  api=4 insize=1230 outsize=772 ok=1
Cmd: compileComputeKernel
  api=4 insize=1914 outsize=561 ok=1
Cmd: compileComputeKernel
  api=4 insize=14460 outsize=2101 ok=1
Cmd: compileComputeKernel
  api=4 insize=865 outsize=578 ok=1
Cmd: compileComputeKernel
  api=4 insize=4358 outsize=713 ok=1
Cmd: compileComputeKernel
  api=4 insize=20794 outsize=2278 ok=1
Cmd: compileComputeKernel
  api=4 insize=5487 outsize=317 ok=1
Cmd: compileComputeKernel
  api=4 insize=21845 outsize=5655 ok=1
Cmd: compileComputeKernel
  error: 1 plat 4 at GenerateMaxZ.compute(11): 'multi_compile' : unknown pragma ignored
  api=4 insize=6356 outsize=1138 ok=1
Cmd: compileComputeKernel
  error: 1 plat 4 at Sort.compute(8): 'multi_compile' : unknown pragma ignored
  api=4 insize=9233 outsize=2791 ok=1
Cmd: compileComputeKernel
  api=4 insize=26415 outsize=13383 ok=1
Cmd: compileComputeKernel
  error: 1 plat 4 at Deferred.compute(35): 'multi_compile' : unknown pragma ignored
  error: 1 plat 4 at Deferred.compute(36): 'multi_compile' : unknown pragma ignored
  error: 1 plat 4 at Deferred.compute(38): 'multi_compile' : unknown pragma ignored
  error: 2 plat 4 at Packages/com.unity.render-pipelines.high-definition/Runtime/Lighting/Shadow/HDShadowAlgorithms.hlsl(27): "Undefined punctual shadow filter algorithm"
  api=4 insize=10818 outsize=0 ok=0
Cmd: compileComputeKernel
  error: 1 plat 4 at Deferred.compute(35): 'multi_compile' : unknown pragma ignored
  error: 1 plat 4 at Deferred.compute(36): 'multi_compile' : unknown pragma ignored
  error: 1 plat 4 at Deferred.compute(38): 'multi_compile' : unknown pragma ignored
  error: 2 plat 4 at Packages/com.unity.render-pipelines.high-definition/Runtime/Lighting/Shadow/HDShadowAlgorithms.hlsl(27): "Undefined punctual shadow filter algorithm"
  api=4 insize=10818 outsize=0 ok=0
Cmd: compileComputeKernel
  error: 1 plat 4 at Deferred.compute(35): 'multi_compile' : unknown pragma ignored
  error: 1 plat 4 at Deferred.compute(36): 'multi_compile' : unknown pragma ignored
  error: 1 plat 4 at Deferred.compute(38): 'multi_compile' : unknown pragma ignored
  error: 2 plat 4 at Packages/com.unity.render-pipelines.high-definition/Runtime/Lighting/Shadow/HDShadowAlgorithms.hlsl(27): "Undefined punctual shadow filter algorithm"
  api=4 insize=10818 outsize=0 ok=0
Cmd: compileComputeKernel
  api=4 insize=5744 outsize=5009 ok=1
Cmd: compileComputeKernel
  api=4 insize=33306 outsize=22579 ok=1
Cmd: compileComputeKernel
  error: 1 plat 4 at ColorPyramid.compute(27): 'multi_compile' : unknown pragma ignored
  error: 1 plat 4 at ColorPyramid.compute(28): 'multi_compile' : unknown pragma ignored
  api=4 insize=6871 outsize=1117 ok=1
Cmd: compileComputeKernel
  api=4 insize=10327 outsize=7807 ok=1
Cmd: compileSnippet
  api=4 type=1 insize=1460 outsize=4042 kw=UNITY_PASS_FORWARDADD SPOT _ALPHAPREMULTIPLY_ON pd=UNITY_ENABLE_REFLECTION_BUFFERS UNITY_USE_DITHER_MASK_FOR_ALPHABLENDED_SHADOWS UNITY_PBS_USE_BRDF1 UNITY_SPECCUBE_BOX_PROJECTION UNITY_SPECCUBE_BLENDING UNITY_ENABLE_DETAIL_NORMALMAP SHADER_API_DESKTOP UNITY_LIGHT_PROBE_PROXY_VOLUME UNITY_LIGHTMAP_FULL_HDR ok=1
Cmd: compileSnippet
  api=4 type=0 insize=1152 outsize=2770 kw=UNITY_PASS_SHADOWCASTER SHADOWS_DEPTH PROCEDURAL_INSTANCING_ON _ALPHABLEND_ON pd=UNITY_ENABLE_REFLECTION_BUFFERS UNITY_USE_DITHER_MASK_FOR_ALPHABLENDED_SHADOWS UNITY_PBS_USE_BRDF1 UNITY_SPECCUBE_BOX_PROJECTION UNITY_SPECCUBE_BLENDING UNITY_ENABLE_DETAIL_NORMALMAP SHADER_API_DESKTOP UNITY_LIGHT_PROBE_PROXY_VOLUME UNITY_LIGHTMAP_FULL_HDR ok=1
Cmd: shutdown
