Base path: 'C:/Program Files/Unity/Hub/Editor/2019.4.26f1/Editor/Data', plugins path 'C:/Program Files/Unity/Hub/Editor/2019.4.26f1/Editor/Data/PlaybackEngines'
Cmd: initializeCompiler
Cmd: compileComputeKernel
  api=4 insize=18337 outsize=10442 ok=1
Cmd: compileComputeKernel
  api=4 insize=824 outsize=330 ok=1
Cmd: compileComputeKernel
  api=4 insize=1562 outsize=603 ok=1
Cmd: compileComputeKernel
  api=4 insize=1326 outsize=620 ok=1
Cmd: compileComputeKernel
  api=4 insize=14460 outsize=1310 ok=1
Cmd: compileComputeKernel
  api=4 insize=8345 outsize=7194 ok=1
Cmd: compileComputeKernel
  api=4 insize=2628 outsize=1049 ok=1
Cmd: compileComputeKernel
  error: 1 plat 4 at DepthOfFieldGather.compute(10): 'multi_compile' : unknown pragma ignored
  error: 1 plat 4 at DepthOfFieldGather.compute(11): 'multi_compile' : unknown pragma ignored
  api=4 insize=5443 outsize=2179 ok=1
Cmd: compileComputeKernel
  api=4 insize=26415 outsize=14979 ok=1
Cmd: compileComputeKernel
  error: 1 plat 4 at Deferred.compute(35): 'multi_compile' : unknown pragma ignored
  error: 1 plat 4 at Deferred.compute(36): 'multi_compile' : unknown pragma ignored
  error: 1 plat 4 at Deferred.compute(38): 'multi_compile' : unknown pragma ignored
  error: 2 plat 4 at Packages/com.unity.render-pipelines.high-definition/Runtime/Lighting/Shadow/HDShadowAlgorithms.hlsl(27): "Undefined punctual shadow filter algorithm"
  api=4 insize=10818 outsize=0 ok=0
Cmd: compileComputeKernel
  error: 1 plat 4 at Deferred.compute(35): 'multi_compile' : unknown pragma ignored
  error: 1 plat 4 at Deferred.compute(36): 'multi_compile' : unknown pragma ignored
  error: 1 plat 4 at Deferred.compute(38): 'multi_compile' : unknown pragma ignored
  error: 2 plat 4 at Packages/com.unity.render-pipelines.high-definition/Runtime/Lighting/Shadow/HDShadowAlgorithms.hlsl(27): "Undefined punctual shadow filter algorithm"
  api=4 insize=10818 outsize=0 ok=0
Cmd: compileComputeKernel
  api=4 insize=33306 outsize=6078 ok=1
Cmd: compileComputeKernel
  api=4 insize=1897 outsize=559 ok=1
Cmd: compileSnippet
  api=4 type=0 insize=1460 outsize=1918 kw=UNITY_PASS_FORWARDADD SPOT pd=UNITY_ENABLE_REFLECTION_BUFFERS UNITY_USE_DITHER_MASK_FOR_ALPHABLENDED_SHADOWS UNITY_PBS_USE_BRDF1 UNITY_SPECCUBE_BOX_PROJECTION UNITY_SPECCUBE_BLENDING UNITY_ENABLE_DETAIL_NORMALMAP SHADER_API_DESKTOP UNITY_LIGHT_PROBE_PROXY_VOLUME UNITY_LIGHTMAP_FULL_HDR ok=1
Cmd: compileSnippet
  api=4 type=0 insize=1460 outsize=1918 kw=UNITY_PASS_FORWARDADD POINT pd=UNITY_ENABLE_REFLECTION_BUFFERS UNITY_USE_DITHER_MASK_FOR_ALPHABLENDED_SHADOWS UNITY_PBS_USE_BRDF1 UNITY_SPECCUBE_BOX_PROJECTION UNITY_SPECCUBE_BLENDING UNITY_ENABLE_DETAIL_NORMALMAP SHADER_API_DESKTOP UNITY_LIGHT_PROBE_PROXY_VOLUME UNITY_LIGHTMAP_FULL_HDR ok=1
Cmd: shutdown
