Base path: 'C:/Program Files/Unity/Hub/Editor/2019.4.26f1/Editor/Data', plugins path 'C:/Program Files/Unity/Hub/Editor/2019.4.26f1/Editor/Data/PlaybackEngines'
Cmd: initializeCompiler
Cmd: compileComputeKernel
  api=4 insize=16425 outsize=9933 ok=1
Cmd: compileComputeKernel
  error: 1 plat 4 at ScreenSpaceReflections.compute(12): 'multi_compile' : unknown pragma ignored
  error: 1 plat 4 at ScreenSpaceReflections.compute(13): 'multi_compile' : unknown pragma ignored
  api=4 insize=29564 outsize=6917 ok=1
Cmd: compileComputeKernel
  api=4 insize=10935 outsize=10429 ok=1
Cmd: compileComputeKernel
  api=4 insize=13302 outsize=4339 ok=1
Cmd: compileComputeKernel
  api=4 insize=4358 outsize=713 ok=1
Cmd: compileComputeKernel
  api=4 insize=11001 outsize=3355 ok=1
Cmd: compileComputeKernel
  api=4 insize=20794 outsize=8244 ok=1
Cmd: compileComputeKernel
  api=4 insize=5487 outsize=2767 ok=1
Cmd: compileComputeKernel
  api=4 insize=2167 outsize=372 ok=1
Cmd: compileComputeKernel
  api=4 insize=14415 outsize=4082 ok=1
Cmd: compileComputeKernel
  api=4 insize=6349 outsize=6053 ok=1
Cmd: compileComputeKernel
  api=4 insize=26415 outsize=15481 ok=1
Cmd: compileComputeKernel
  error: 1 plat 4 at Deferred.compute(35): 'multi_compile' : unknown pragma ignored
  error: 1 plat 4 at Deferred.compute(36): 'multi_compile' : unknown pragma ignored
  error: 1 plat 4 at Deferred.compute(38): 'multi_compile' : unknown pragma ignored
  error: 2 plat 4 at Packages/com.unity.render-pipelines.high-definition/Runtime/Lighting/Shadow/HDShadowAlgorithms.hlsl(27): "Undefined punctual shadow filter algorithm"
  api=4 insize=10818 outsize=0 ok=0
Cmd: compileComputeKernel
  error: 1 plat 4 at Deferred.compute(35): 'multi_compile' : unknown pragma ignored
  error: 1 plat 4 at Deferred.compute(36): 'multi_compile' : unknown pragma ignored
  error: 1 plat 4 at Deferred.compute(38): 'multi_compile' : unknown pragma ignored
  error: 2 plat 4 at Packages/com.unity.render-pipelines.high-definition/Runtime/Lighting/Shadow/HDShadowAlgorithms.hlsl(27): "Undefined punctual shadow filter algorithm"
  api=4 insize=10818 outsize=0 ok=0
Cmd: compileComputeKernel
  api=4 insize=9527 outsize=5897 ok=1
Cmd: compileComputeKernel
  api=4 insize=33306 outsize=3558 ok=1
Cmd: compileComputeKernel
  api=4 insize=10120 outsize=105884 ok=1
Cmd: compileComputeKernel
  api=4 insize=11058 outsize=2046 ok=1
Cmd: compileSnippet
  api=4 type=0 insize=1602 outsize=2738 kw=UNITY_PASS_FORWARDBASE DIRECTIONAL SHADOWS_SCREEN LIGHTPROBE_SH VERTEXLIGHT_ON pd=UNITY_ENABLE_REFLECTION_BUFFERS UNITY_USE_DITHER_MASK_FOR_ALPHABLENDED_SHADOWS UNITY_PBS_USE_BRDF1 UNITY_SPECCUBE_BOX_PROJECTION UNITY_SPECCUBE_BLENDING UNITY_ENABLE_DETAIL_NORMALMAP SHADER_API_DESKTOP UNITY_LIGHT_PROBE_PROXY_VOLUME UNITY_LIGHTMAP_FULL_HDR ok=1
Cmd: shutdown
