Using pre-set license
Built from '2020.3/staging' branch; Version is '2020.3.24f1 (79c78de19888) revision 7980941'; Using compiler version '192528614'; Build Type 'Release'
OS: 'Windows 10  (10.0.19045) 64bit Professional' Language: 'zh' Physical Memory: 8191 MB
BatchMode: 1, IsHumanControllingUs: 0, StartBugReporterOnCrash: 0, Is64bit: 1, IsPro: 0

COMMAND LINE ARGUMENTS:
J:\Unity\2020.3.24f1\Editor\Unity.exe
-adb2
-batchMode
-noUpm
-name
AssetImportWorker1
-projectPath
J:/Unity_project/Github_Zeruzeru/Zeruzeru
-logFile
Logs/AssetImportWorker1.log
-srvPort
1198
Successfully changed project path to: J:/Unity_project/Github_Zeruzeru/Zeruzeru
J:/Unity_project/Github_Zeruzeru/Zeruzeru
Using Asset Import Pipeline V2.
Refreshing native plugins compatible for Editor in 446.52 ms, found 2 plugins.
Preloading 0 native plugins for Editor in 0.00 ms.
Initialize engine version: 2020.3.24f1 (79c78de19888)
[Subsystems] Discovering subsystems at path J:/Unity/2020.3.24f1/Editor/Data/Resources/UnitySubsystems
[Subsystems] Discovering subsystems at path J:/Unity_project/Github_Zeruzeru/Zeruzeru/Assets
GfxDevice: creating device client; threaded=0
Direct3D:
    Version:  Direct3D 11.0 [level 11.0]
    Renderer: NVIDIA GeForce GTX 670 (ID=0x1189)
    Vendor:   
    VRAM:     2007 MB
    Driver:   27.21.14.5671
Initialize mono
Mono path[0] = 'J:/Unity/2020.3.24f1/Editor/Data/Managed'
Mono path[1] = 'J:/Unity/2020.3.24f1/Editor/Data/MonoBleedingEdge/lib/mono/unityjit'
Mono config path = 'J:/Unity/2020.3.24f1/Editor/Data/MonoBleedingEdge/etc'
Using monoOptions --debugger-agent=transport=dt_socket,embedding=1,server=y,suspend=n,address=127.0.0.1:56936
Begin MonoManager ReloadAssembly
Registering precompiled unity dll's ...
Register platform support module: J:/Unity/2020.3.24f1/Editor/Data/PlaybackEngines/WindowsStandaloneSupport/UnityEditor.WindowsStandalone.Extensions.dll
Registered in 0.002700 seconds.
Native extension for WindowsStandalone target not found
Refreshing native plugins compatible for Editor in 219.72 ms, found 2 plugins.
Preloading 0 native plugins for Editor in 0.00 ms.
Mono: successfully reloaded assembly
- Completed reload, in  1.879 seconds
Domain Reload Profiling:
	ReloadAssembly (1879ms)
		BeginReloadAssembly (116ms)
			ExecutionOrderSort (0ms)
			DisableScriptedObjects (0ms)
			BackupInstance (0ms)
			ReleaseScriptingObjects (0ms)
			CreateAndSetChildDomain (2ms)
		EndReloadAssembly (1552ms)
			LoadAssemblies (114ms)
			RebuildTransferFunctionScriptingTraits (0ms)
			SetupTypeCache (678ms)
			ReleaseScriptCaches (0ms)
			RebuildScriptCaches (81ms)
			SetupLoadedEditorAssemblies (545ms)
				LogAssemblyErrors (0ms)
				InitializePlatformSupportModulesInManaged (7ms)
				SetLoadedEditorAssemblies (0ms)
				RefreshPlugins (220ms)
				BeforeProcessingInitializeOnLoad (30ms)
				ProcessInitializeOnLoadAttributes (211ms)
				ProcessInitializeOnLoadMethodAttributes (77ms)
				AfterProcessingInitializeOnLoad (0ms)
				EditorAssembliesLoaded (0ms)
			ExecutionOrderSort2 (0ms)
			AwakeInstancesAfterBackupRestoration (0ms)
Platform modules already initialized, skipping
Registering precompiled user dll's ...
Registered in 0.014888 seconds.
Begin MonoManager ReloadAssembly
Native extension for WindowsStandalone target not found
Refreshing native plugins compatible for Editor in 215.38 ms, found 2 plugins.
Preloading 0 native plugins for Editor in 0.00 ms.
Mono: successfully reloaded assembly
- Completed reload, in  5.085 seconds
Domain Reload Profiling:
	ReloadAssembly (5087ms)
		BeginReloadAssembly (317ms)
			ExecutionOrderSort (0ms)
			DisableScriptedObjects (10ms)
			BackupInstance (0ms)
			ReleaseScriptingObjects (0ms)
			CreateAndSetChildDomain (34ms)
		EndReloadAssembly (4646ms)
			LoadAssemblies (211ms)
			RebuildTransferFunctionScriptingTraits (0ms)
			SetupTypeCache (877ms)
			ReleaseScriptCaches (1ms)
			RebuildScriptCaches (197ms)
			SetupLoadedEditorAssemblies (3105ms)
				LogAssemblyErrors (0ms)
				InitializePlatformSupportModulesInManaged (5ms)
				SetLoadedEditorAssemblies (0ms)
				RefreshPlugins (216ms)
				BeforeProcessingInitializeOnLoad (268ms)
				ProcessInitializeOnLoadAttributes (727ms)
				ProcessInitializeOnLoadMethodAttributes (1882ms)
				AfterProcessingInitializeOnLoad (6ms)
				EditorAssembliesLoaded (0ms)
			ExecutionOrderSort2 (0ms)
			AwakeInstancesAfterBackupRestoration (12ms)
Platform modules already initialized, skipping
========================================================================
Worker process is ready to serve import requests
Launched and connected shader compiler UnityShaderCompiler.exe after 0.23 seconds
D3D shader create error for pixel shader [0x80070057]
Refreshing native plugins compatible for Editor in 1.52 ms, found 2 plugins.
Preloading 0 native plugins for Editor in 0.00 ms.
Unloading 4709 Unused Serialized files (Serialized files now loaded: 0)
System memory in use before: 232.9 MB.
System memory in use after: 233.1 MB.

Unloading 25 unused Assets to reduce memory usage. Loaded Objects now: 5179.
Total: 8.205500 ms (FindLiveObjects: 0.702100 ms CreateObjectMapping: 0.227700 ms MarkObjects: 7.014000 ms  DeleteObjects: 0.260000 ms)

AssetImportParameters requested are different than current active one (requested -> active):
  custom:framework-win-MediaFoundation: 216162199b28c13a410421893ffa2e32 -> 
  custom:video-decoder-ogg-theora: a1e56fd34408186e4bbccfd4996cb3dc -> 
  custom:container-muxer-webm: aa71ff27fc2769a1b78a27578f13a17b -> 
  custom:container-demuxer-webm: 4f35f7cbe854078d1ac9338744f61a02 -> 
  custom:container-demuxer-ogg: 62fdf1f143b41e24485cea50d1cbac27 -> 
  custom:video-encoder-webm-vp8: eb34c28f22e8b96e1ab97ce403110664 -> 
  custom:video-decoder-webm-vp8: 9c59270c3fd7afecdb556c50c9e8de78 -> 
  custom:audio-decoder-ogg-vorbis: bf7c407c2cedff20999df2af8eb42d56 -> 
  custom:audio-encoder-webm-vorbis: bf7c407c2cedff20999df2af8eb42d56 -> 
========================================================================
Received Import Request.
  path: Assets/Prefabs/Item/Rope.prefab
  artifactKey: Guid(0871b46d41a343342b4dc263a1ae20ce) Importer(815301076,1909f56bfc062723c751e8b465ee728b)
Start importing Assets/Prefabs/Item/Rope.prefab using Guid(0871b46d41a343342b4dc263a1ae20ce) Importer(815301076,1909f56bfc062723c751e8b465ee728b)  -> (artifact id: 'eb5542f584970342b2d39053b911c746') in 1.577486 seconds 
  Import took 1.629679 seconds .

========================================================================
Received Import Request.
  Time since last request: 1126.580067 seconds.
  path: Assets/Scripts/ZeruController.cs
  artifactKey: Guid(b085c7f8111310e41a5cff1d877765a6) Importer(815301076,1909f56bfc062723c751e8b465ee728b)
Start importing Assets/Scripts/ZeruController.cs using Guid(b085c7f8111310e41a5cff1d877765a6) Importer(815301076,1909f56bfc062723c751e8b465ee728b)  -> (artifact id: '5e3310426b16d04125c1d9a441fed0c7') in 0.120291 seconds 
  Import took 0.178568 seconds .

========================================================================
Received Prepare
Registering precompiled user dll's ...
Registered in 0.070316 seconds.
Begin MonoManager ReloadAssembly
Native extension for WindowsStandalone target not found
Refreshing native plugins compatible for Editor in 1.74 ms, found 2 plugins.
Preloading 0 native plugins for Editor in 0.00 ms.
Mono: successfully reloaded assembly
- Completed reload, in  3.360 seconds
Domain Reload Profiling:
	ReloadAssembly (3361ms)
		BeginReloadAssembly (408ms)
			ExecutionOrderSort (0ms)
			DisableScriptedObjects (59ms)
			BackupInstance (0ms)
			ReleaseScriptingObjects (0ms)
			CreateAndSetChildDomain (94ms)
		EndReloadAssembly (2828ms)
			LoadAssemblies (221ms)
			RebuildTransferFunctionScriptingTraits (0ms)
			SetupTypeCache (866ms)
			ReleaseScriptCaches (4ms)
			RebuildScriptCaches (164ms)
			SetupLoadedEditorAssemblies (866ms)
				LogAssemblyErrors (0ms)
				InitializePlatformSupportModulesInManaged (9ms)
				SetLoadedEditorAssemblies (1ms)
				RefreshPlugins (2ms)
				BeforeProcessingInitializeOnLoad (196ms)
				ProcessInitializeOnLoadAttributes (632ms)
				ProcessInitializeOnLoadMethodAttributes (20ms)
				AfterProcessingInitializeOnLoad (6ms)
				EditorAssembliesLoaded (0ms)
			ExecutionOrderSort2 (0ms)
			AwakeInstancesAfterBackupRestoration (20ms)
Platform modules already initialized, skipping
D3D shader create error for pixel shader [0x80070057]
Refreshing native plugins compatible for Editor in 1.81 ms, found 2 plugins.
Preloading 0 native plugins for Editor in 0.00 ms.
Unloading 4393 Unused Serialized files (Serialized files now loaded: 0)
System memory in use before: 228.3 MB.
System memory in use after: 228.5 MB.

Unloading 18 unused Assets to reduce memory usage. Loaded Objects now: 5319.
Total: 8.641900 ms (FindLiveObjects: 0.817600 ms CreateObjectMapping: 0.235400 ms MarkObjects: 7.402500 ms  DeleteObjects: 0.184300 ms)

AssetImportParameters requested are different than current active one (requested -> active):
  custom:framework-win-MediaFoundation: 216162199b28c13a410421893ffa2e32 -> 
  custom:video-decoder-ogg-theora: a1e56fd34408186e4bbccfd4996cb3dc -> 
  custom:container-muxer-webm: aa71ff27fc2769a1b78a27578f13a17b -> 
  custom:container-demuxer-webm: 4f35f7cbe854078d1ac9338744f61a02 -> 
  custom:container-demuxer-ogg: 62fdf1f143b41e24485cea50d1cbac27 -> 
  custom:video-encoder-webm-vp8: eb34c28f22e8b96e1ab97ce403110664 -> 
  custom:video-decoder-webm-vp8: 9c59270c3fd7afecdb556c50c9e8de78 -> 
  custom:audio-decoder-ogg-vorbis: bf7c407c2cedff20999df2af8eb42d56 -> 
  custom:audio-encoder-webm-vorbis: bf7c407c2cedff20999df2af8eb42d56 -> 
========================================================================
Received Import Request.
  Time since last request: 839.307700 seconds.
  path: Assets/Materials/Stage2 Hall/Chain
  artifactKey: Guid(8493bd766dc891d43a20a89c9ff36efa) Importer(815301076,1909f56bfc062723c751e8b465ee728b)
Start importing Assets/Materials/Stage2 Hall/Chain using Guid(8493bd766dc891d43a20a89c9ff36efa) Importer(815301076,1909f56bfc062723c751e8b465ee728b)  -> (artifact id: '7d4d83b658328f75a630772c0f74c055') in 0.039840 seconds 
  Import took 0.102028 seconds .

========================================================================
Received Import Request.
  Time since last request: 9.268906 seconds.
  path: Assets/Materials/Stage2 Hall/Chain/Chain.mat
  artifactKey: Guid(496a3f0f48728454087339c46eecba70) Importer(815301076,1909f56bfc062723c751e8b465ee728b)
Start importing Assets/Materials/Stage2 Hall/Chain/Chain.mat using Guid(496a3f0f48728454087339c46eecba70) Importer(815301076,1909f56bfc062723c751e8b465ee728b)  -> (artifact id: '999625c2daa70346544ec67a5f3be1c0') in 2.264773 seconds 
  Import took 2.307794 seconds .

========================================================================
Received Import Request.
  Time since last request: 73.668521 seconds.
  path: Assets/Materials/Stage2 Hall/Statue/Statue.mat
  artifactKey: Guid(35f5697f776137d42baa8c5a6112c781) Importer(815301076,1909f56bfc062723c751e8b465ee728b)
Start importing Assets/Materials/Stage2 Hall/Statue/Statue.mat using Guid(35f5697f776137d42baa8c5a6112c781) Importer(815301076,1909f56bfc062723c751e8b465ee728b)  -> (artifact id: 'eb0c00be07089572a5bb0cb3f68e09e6') in 0.294056 seconds 
  Import took 0.341179 seconds .

========================================================================
Received Import Request.
  Time since last request: 546.551052 seconds.
  path: Assets/Materials/Stage2 Hall/Chain/Metal_Chainlink_003_ambientOcclusion.jpg
  artifactKey: Guid(845eb4fee103706418ecf750c87fefd8) Importer(815301076,1909f56bfc062723c751e8b465ee728b)
Start importing Assets/Materials/Stage2 Hall/Chain/Metal_Chainlink_003_ambientOcclusion.jpg using Guid(845eb4fee103706418ecf750c87fefd8) Importer(815301076,1909f56bfc062723c751e8b465ee728b)  -> (artifact id: '254f3f81d109bcf3721553fe50a05c96') in 0.135976 seconds 
  Import took 0.234589 seconds .

========================================================================
Received Import Request.
  Time since last request: 0.000721 seconds.
  path: Assets/Materials/Stage2 Hall/Chain/Metal_Chainlink_003_normal.jpg
  artifactKey: Guid(04254d09cbcc8e34583b161a5dff7461) Importer(815301076,1909f56bfc062723c751e8b465ee728b)
Start importing Assets/Materials/Stage2 Hall/Chain/Metal_Chainlink_003_normal.jpg using Guid(04254d09cbcc8e34583b161a5dff7461) Importer(815301076,1909f56bfc062723c751e8b465ee728b)  -> (artifact id: '1c9ce82bf54cc32b832be9e47479f61a') in 0.022038 seconds 
  Import took 0.229460 seconds .

========================================================================
Received Import Request.
  Time since last request: 0.000565 seconds.
  path: Assets/Materials/Stage2 Hall/Chain/Metal_Chainlink_003_basecolor.jpg
  artifactKey: Guid(a85493592929fcd40a02e9e94a1526eb) Importer(815301076,1909f56bfc062723c751e8b465ee728b)
Start importing Assets/Materials/Stage2 Hall/Chain/Metal_Chainlink_003_basecolor.jpg using Guid(a85493592929fcd40a02e9e94a1526eb) Importer(815301076,1909f56bfc062723c751e8b465ee728b)  -> (artifact id: 'b88bc37cfa4993e00405b8feaa1759f8') in 0.043002 seconds 
  Import took 0.056241 seconds .

========================================================================
Received Import Request.
  Time since last request: 0.000676 seconds.
  path: Assets/Materials/Stage2 Hall/Chain/Metal_Chainlink_003_metallic.jpg
  artifactKey: Guid(5e46d340747e7a64e846cf7094e5830a) Importer(815301076,1909f56bfc062723c751e8b465ee728b)
Start importing Assets/Materials/Stage2 Hall/Chain/Metal_Chainlink_003_metallic.jpg using Guid(5e46d340747e7a64e846cf7094e5830a) Importer(815301076,1909f56bfc062723c751e8b465ee728b)  -> (artifact id: 'abdb6f8b84e48c9554a0d66f90f7a67d') in 0.024532 seconds 
  Import took 0.125496 seconds .

========================================================================
Received Import Request.
  Time since last request: 0.000661 seconds.
  path: Assets/Materials/Stage2 Hall/Chain/Metal_Chainlink_003_opacity.jpg
  artifactKey: Guid(c846618008ad41842b5f0d6464bcaee1) Importer(815301076,1909f56bfc062723c751e8b465ee728b)
Start importing Assets/Materials/Stage2 Hall/Chain/Metal_Chainlink_003_opacity.jpg using Guid(c846618008ad41842b5f0d6464bcaee1) Importer(815301076,1909f56bfc062723c751e8b465ee728b)  -> (artifact id: '979cec2d03d53e02799b3a695c36ffd4') in 0.029687 seconds 
  Import took 0.096783 seconds .

========================================================================
Received Import Request.
  Time since last request: 0.000597 seconds.
  path: Assets/Materials/Stage2 Hall/Chain/Metal_Chainlink_003_height.png
  artifactKey: Guid(905b25b7d86022c49a10e413bf73b9c0) Importer(815301076,1909f56bfc062723c751e8b465ee728b)
Start importing Assets/Materials/Stage2 Hall/Chain/Metal_Chainlink_003_height.png using Guid(905b25b7d86022c49a10e413bf73b9c0) Importer(815301076,1909f56bfc062723c751e8b465ee728b)  -> (artifact id: 'da8cbe062980556fc04a2ca4f3c4c272') in 0.033519 seconds 
  Import took 0.046270 seconds .

========================================================================
Received Import Request.
  Time since last request: 0.000457 seconds.
  path: Assets/Materials/Stage2 Hall/Chain/Metal_Chainlink_003_roughness.jpg
  artifactKey: Guid(f5b082fa0d523974894c37406335f3af) Importer(815301076,1909f56bfc062723c751e8b465ee728b)
Start importing Assets/Materials/Stage2 Hall/Chain/Metal_Chainlink_003_roughness.jpg using Guid(f5b082fa0d523974894c37406335f3af) Importer(815301076,1909f56bfc062723c751e8b465ee728b)  -> (artifact id: '1103b8e1b4629844466cdb3438d33666') in 0.016303 seconds 
  Import took 0.037184 seconds .

========================================================================
Received Import Request.
  Time since last request: 554.399119 seconds.
  path: Assets/Materials/Stage2 Hall/Candle/Candle.mat
  artifactKey: Guid(9f473a6115568d045abb2fb819cb7607) Importer(815301076,1909f56bfc062723c751e8b465ee728b)
Start importing Assets/Materials/Stage2 Hall/Candle/Candle.mat using Guid(9f473a6115568d045abb2fb819cb7607) Importer(815301076,1909f56bfc062723c751e8b465ee728b)  -> (artifact id: 'b2423817ef3f759163e22973564c401b') in 0.663822 seconds 
  Import took 0.699856 seconds .

========================================================================
Received Import Request.
  Time since last request: 128.904214 seconds.
  path: Assets/Materials/Stage2 Hall/Hall_Floor/Hall_Floor.mat
  artifactKey: Guid(bf1fed6e2acacd84eb3babdbd31d2708) Importer(815301076,1909f56bfc062723c751e8b465ee728b)
Start importing Assets/Materials/Stage2 Hall/Hall_Floor/Hall_Floor.mat using Guid(bf1fed6e2acacd84eb3babdbd31d2708) Importer(815301076,1909f56bfc062723c751e8b465ee728b)  -> (artifact id: '4d04ac0196595d05baf8261a86c1e32c') in 0.218232 seconds 
  Import took 0.258713 seconds .

========================================================================
Received Import Request.
  Time since last request: 83.052887 seconds.
  path: Assets/Materials/Stage2 Hall/Chain/ChainJPG.jpg
  artifactKey: Guid(d278bd367456ac94b87c67583014f9c3) Importer(815301076,1909f56bfc062723c751e8b465ee728b)
Start importing Assets/Materials/Stage2 Hall/Chain/ChainJPG.jpg using Guid(d278bd367456ac94b87c67583014f9c3) Importer(815301076,1909f56bfc062723c751e8b465ee728b)  -> (artifact id: 'bbc64c0d55f43b9d9f3204e51809b718') in 0.058573 seconds 
  Import took 0.121512 seconds .

========================================================================
Received Import Request.
  Time since last request: 1217.004974 seconds.
  path: Assets/Materials/Stage2 Hall/Chain/Chain.png
  artifactKey: Guid(28c7c8daa66f2db44aadb5fd475fd2f9) Importer(815301076,1909f56bfc062723c751e8b465ee728b)
Start importing Assets/Materials/Stage2 Hall/Chain/Chain.png using Guid(28c7c8daa66f2db44aadb5fd475fd2f9) Importer(815301076,1909f56bfc062723c751e8b465ee728b)  -> (artifact id: 'd586b661e83866c69e9d49c228b5ea31') in 0.047827 seconds 
  Import took 0.095165 seconds .

========================================================================
Received Prepare
Registering precompiled user dll's ...
Registered in 0.084231 seconds.
Begin MonoManager ReloadAssembly
Native extension for WindowsStandalone target not found
Refreshing native plugins compatible for Editor in 2.06 ms, found 2 plugins.
Preloading 0 native plugins for Editor in 0.00 ms.
Mono: successfully reloaded assembly
- Completed reload, in  4.736 seconds
Domain Reload Profiling:
	ReloadAssembly (4907ms)
		BeginReloadAssembly (712ms)
			ExecutionOrderSort (0ms)
			DisableScriptedObjects (103ms)
			BackupInstance (0ms)
			ReleaseScriptingObjects (0ms)
			CreateAndSetChildDomain (201ms)
		EndReloadAssembly (3986ms)
			LoadAssemblies (270ms)
			RebuildTransferFunctionScriptingTraits (0ms)
			SetupTypeCache (1095ms)
			ReleaseScriptCaches (9ms)
			RebuildScriptCaches (230ms)
			SetupLoadedEditorAssemblies (1396ms)
				LogAssemblyErrors (0ms)
				InitializePlatformSupportModulesInManaged (6ms)
				SetLoadedEditorAssemblies (1ms)
				RefreshPlugins (2ms)
				BeforeProcessingInitializeOnLoad (359ms)
				ProcessInitializeOnLoadAttributes (986ms)
				ProcessInitializeOnLoadMethodAttributes (23ms)
				AfterProcessingInitializeOnLoad (18ms)
				EditorAssembliesLoaded (1ms)
			ExecutionOrderSort2 (0ms)
			AwakeInstancesAfterBackupRestoration (58ms)
Platform modules already initialized, skipping
D3D shader create error for pixel shader [0x80070057]
Refreshing native plugins compatible for Editor in 1.67 ms, found 2 plugins.
Preloading 0 native plugins for Editor in 0.00 ms.
Unloading 4381 Unused Serialized files (Serialized files now loaded: 0)
System memory in use before: 228.6 MB.
System memory in use after: 229.0 MB.

Unloading 18 unused Assets to reduce memory usage. Loaded Objects now: 5456.
Total: 11.136300 ms (FindLiveObjects: 1.562600 ms CreateObjectMapping: 0.332900 ms MarkObjects: 9.045100 ms  DeleteObjects: 0.193000 ms)

AssetImportParameters requested are different than current active one (requested -> active):
  custom:framework-win-MediaFoundation: 216162199b28c13a410421893ffa2e32 -> 
  custom:video-decoder-ogg-theora: a1e56fd34408186e4bbccfd4996cb3dc -> 
  custom:container-muxer-webm: aa71ff27fc2769a1b78a27578f13a17b -> 
  custom:container-demuxer-webm: 4f35f7cbe854078d1ac9338744f61a02 -> 
  custom:container-demuxer-ogg: 62fdf1f143b41e24485cea50d1cbac27 -> 
  custom:video-encoder-webm-vp8: eb34c28f22e8b96e1ab97ce403110664 -> 
  custom:video-decoder-webm-vp8: 9c59270c3fd7afecdb556c50c9e8de78 -> 
  custom:audio-decoder-ogg-vorbis: bf7c407c2cedff20999df2af8eb42d56 -> 
  custom:audio-encoder-webm-vorbis: bf7c407c2cedff20999df2af8eb42d56 -> 
========================================================================
Received Import Request.
  Time since last request: 327.628408 seconds.
  path: Assets/Materials/Stage2 Hall/Chain/Chain.png
  artifactKey: Guid(28c7c8daa66f2db44aadb5fd475fd2f9) Importer(815301076,1909f56bfc062723c751e8b465ee728b)
Start importing Assets/Materials/Stage2 Hall/Chain/Chain.png using Guid(28c7c8daa66f2db44aadb5fd475fd2f9) Importer(815301076,1909f56bfc062723c751e8b465ee728b)  -> (artifact id: '0345efe2ae639be16093f6f420322c68') in 0.116282 seconds 
  Import took 0.162018 seconds .

========================================================================
Received Import Request.
  Time since last request: 340.135471 seconds.
  path: Assets/Materials/Stage2 Hall/Chain/Chain.png
  artifactKey: Guid(28c7c8daa66f2db44aadb5fd475fd2f9) Importer(815301076,1909f56bfc062723c751e8b465ee728b)
Start importing Assets/Materials/Stage2 Hall/Chain/Chain.png using Guid(28c7c8daa66f2db44aadb5fd475fd2f9) Importer(815301076,1909f56bfc062723c751e8b465ee728b)  -> (artifact id: 'fcefa077b0738312dda1f6d1a847f996') in 0.032572 seconds 
  Import took 0.089222 seconds .

========================================================================
Received Prepare
Registering precompiled user dll's ...
Registered in 0.009901 seconds.
Begin MonoManager ReloadAssembly
Native extension for WindowsStandalone target not found
Refreshing native plugins compatible for Editor in 1.82 ms, found 2 plugins.
Preloading 0 native plugins for Editor in 0.00 ms.
Mono: successfully reloaded assembly
- Completed reload, in  3.576 seconds
Domain Reload Profiling:
	ReloadAssembly (3577ms)
		BeginReloadAssembly (293ms)
			ExecutionOrderSort (0ms)
			DisableScriptedObjects (10ms)
			BackupInstance (0ms)
			ReleaseScriptingObjects (0ms)
			CreateAndSetChildDomain (122ms)
		EndReloadAssembly (3140ms)
			LoadAssemblies (230ms)
			RebuildTransferFunctionScriptingTraits (0ms)
			SetupTypeCache (889ms)
			ReleaseScriptCaches (4ms)
			RebuildScriptCaches (169ms)
			SetupLoadedEditorAssemblies (1203ms)
				LogAssemblyErrors (0ms)
				InitializePlatformSupportModulesInManaged (7ms)
				SetLoadedEditorAssemblies (1ms)
				RefreshPlugins (2ms)
				BeforeProcessingInitializeOnLoad (264ms)
				ProcessInitializeOnLoadAttributes (900ms)
				ProcessInitializeOnLoadMethodAttributes (22ms)
				AfterProcessingInitializeOnLoad (7ms)
				EditorAssembliesLoaded (0ms)
			ExecutionOrderSort2 (0ms)
			AwakeInstancesAfterBackupRestoration (56ms)
Platform modules already initialized, skipping
D3D shader create error for pixel shader [0x80070057]
Refreshing native plugins compatible for Editor in 1.78 ms, found 2 plugins.
Preloading 0 native plugins for Editor in 0.00 ms.
Unloading 4381 Unused Serialized files (Serialized files now loaded: 0)
System memory in use before: 228.6 MB.
System memory in use after: 229.0 MB.

Unloading 18 unused Assets to reduce memory usage. Loaded Objects now: 5458.
Total: 22.077200 ms (FindLiveObjects: 0.863400 ms CreateObjectMapping: 0.260200 ms MarkObjects: 20.741700 ms  DeleteObjects: 0.209000 ms)

AssetImportParameters requested are different than current active one (requested -> active):
  custom:framework-win-MediaFoundation: 216162199b28c13a410421893ffa2e32 -> 
  custom:video-decoder-ogg-theora: a1e56fd34408186e4bbccfd4996cb3dc -> 
  custom:container-muxer-webm: aa71ff27fc2769a1b78a27578f13a17b -> 
  custom:container-demuxer-webm: 4f35f7cbe854078d1ac9338744f61a02 -> 
  custom:container-demuxer-ogg: 62fdf1f143b41e24485cea50d1cbac27 -> 
  custom:video-encoder-webm-vp8: eb34c28f22e8b96e1ab97ce403110664 -> 
  custom:video-decoder-webm-vp8: 9c59270c3fd7afecdb556c50c9e8de78 -> 
  custom:audio-decoder-ogg-vorbis: bf7c407c2cedff20999df2af8eb42d56 -> 
  custom:audio-encoder-webm-vorbis: bf7c407c2cedff20999df2af8eb42d56 -> 
========================================================================
Received Prepare
Registering precompiled user dll's ...
Registered in 0.010445 seconds.
Begin MonoManager ReloadAssembly
Native extension for WindowsStandalone target not found
Refreshing native plugins compatible for Editor in 1.99 ms, found 2 plugins.
Preloading 0 native plugins for Editor in 0.00 ms.
Mono: successfully reloaded assembly
- Completed reload, in  3.979 seconds
Domain Reload Profiling:
	ReloadAssembly (3979ms)
		BeginReloadAssembly (310ms)
			ExecutionOrderSort (0ms)
			DisableScriptedObjects (15ms)
			BackupInstance (0ms)
			ReleaseScriptingObjects (0ms)
			CreateAndSetChildDomain (121ms)
		EndReloadAssembly (3380ms)
			LoadAssemblies (254ms)
			RebuildTransferFunctionScriptingTraits (0ms)
			SetupTypeCache (1050ms)
			ReleaseScriptCaches (4ms)
			RebuildScriptCaches (273ms)
			SetupLoadedEditorAssemblies (1122ms)
				LogAssemblyErrors (0ms)
				InitializePlatformSupportModulesInManaged (13ms)
				SetLoadedEditorAssemblies (9ms)
				RefreshPlugins (2ms)
				BeforeProcessingInitializeOnLoad (316ms)
				ProcessInitializeOnLoadAttributes (750ms)
				ProcessInitializeOnLoadMethodAttributes (22ms)
				AfterProcessingInitializeOnLoad (9ms)
				EditorAssembliesLoaded (1ms)
			ExecutionOrderSort2 (0ms)
			AwakeInstancesAfterBackupRestoration (50ms)
Platform modules already initialized, skipping
D3D shader create error for pixel shader [0x80070057]
Refreshing native plugins compatible for Editor in 1.94 ms, found 2 plugins.
Preloading 0 native plugins for Editor in 0.00 ms.
Unloading 4381 Unused Serialized files (Serialized files now loaded: 0)
System memory in use before: 228.6 MB.
System memory in use after: 229.0 MB.

Unloading 18 unused Assets to reduce memory usage. Loaded Objects now: 5460.
Total: 8.703600 ms (FindLiveObjects: 1.034100 ms CreateObjectMapping: 0.289500 ms MarkObjects: 7.182400 ms  DeleteObjects: 0.195200 ms)

AssetImportParameters requested are different than current active one (requested -> active):
  custom:framework-win-MediaFoundation: 216162199b28c13a410421893ffa2e32 -> 
  custom:video-decoder-ogg-theora: a1e56fd34408186e4bbccfd4996cb3dc -> 
  custom:container-muxer-webm: aa71ff27fc2769a1b78a27578f13a17b -> 
  custom:container-demuxer-webm: 4f35f7cbe854078d1ac9338744f61a02 -> 
  custom:container-demuxer-ogg: 62fdf1f143b41e24485cea50d1cbac27 -> 
  custom:video-encoder-webm-vp8: eb34c28f22e8b96e1ab97ce403110664 -> 
  custom:video-decoder-webm-vp8: 9c59270c3fd7afecdb556c50c9e8de78 -> 
  custom:audio-decoder-ogg-vorbis: bf7c407c2cedff20999df2af8eb42d56 -> 
  custom:audio-encoder-webm-vorbis: bf7c407c2cedff20999df2af8eb42d56 -> 
========================================================================
Received Prepare
Registering precompiled user dll's ...
Registered in 0.010845 seconds.
Begin MonoManager ReloadAssembly
Native extension for WindowsStandalone target not found
Refreshing native plugins compatible for Editor in 1.57 ms, found 2 plugins.
Preloading 0 native plugins for Editor in 0.00 ms.
Mono: successfully reloaded assembly
- Completed reload, in  3.156 seconds
Domain Reload Profiling:
	ReloadAssembly (3158ms)
		BeginReloadAssembly (256ms)
			ExecutionOrderSort (0ms)
			DisableScriptedObjects (10ms)
			BackupInstance (0ms)
			ReleaseScriptingObjects (0ms)
			CreateAndSetChildDomain (85ms)
		EndReloadAssembly (2772ms)
			LoadAssemblies (214ms)
			RebuildTransferFunctionScriptingTraits (0ms)
			SetupTypeCache (892ms)
			ReleaseScriptCaches (4ms)
			RebuildScriptCaches (169ms)
			SetupLoadedEditorAssemblies (976ms)
				LogAssemblyErrors (0ms)
				InitializePlatformSupportModulesInManaged (7ms)
				SetLoadedEditorAssemblies (1ms)
				RefreshPlugins (2ms)
				BeforeProcessingInitializeOnLoad (216ms)
				ProcessInitializeOnLoadAttributes (723ms)
				ProcessInitializeOnLoadMethodAttributes (20ms)
				AfterProcessingInitializeOnLoad (6ms)
				EditorAssembliesLoaded (0ms)
			ExecutionOrderSort2 (0ms)
			AwakeInstancesAfterBackupRestoration (43ms)
Platform modules already initialized, skipping
D3D shader create error for pixel shader [0x80070057]
Refreshing native plugins compatible for Editor in 1.72 ms, found 2 plugins.
Preloading 0 native plugins for Editor in 0.00 ms.
Unloading 4381 Unused Serialized files (Serialized files now loaded: 0)
System memory in use before: 228.5 MB.
System memory in use after: 228.9 MB.

Unloading 18 unused Assets to reduce memory usage. Loaded Objects now: 5462.
Total: 8.726400 ms (FindLiveObjects: 0.935900 ms CreateObjectMapping: 0.266500 ms MarkObjects: 7.335300 ms  DeleteObjects: 0.186000 ms)

AssetImportParameters requested are different than current active one (requested -> active):
  custom:framework-win-MediaFoundation: 216162199b28c13a410421893ffa2e32 -> 
  custom:video-decoder-ogg-theora: a1e56fd34408186e4bbccfd4996cb3dc -> 
  custom:container-muxer-webm: aa71ff27fc2769a1b78a27578f13a17b -> 
  custom:container-demuxer-webm: 4f35f7cbe854078d1ac9338744f61a02 -> 
  custom:container-demuxer-ogg: 62fdf1f143b41e24485cea50d1cbac27 -> 
  custom:video-encoder-webm-vp8: eb34c28f22e8b96e1ab97ce403110664 -> 
  custom:video-decoder-webm-vp8: 9c59270c3fd7afecdb556c50c9e8de78 -> 
  custom:audio-decoder-ogg-vorbis: bf7c407c2cedff20999df2af8eb42d56 -> 
  custom:audio-encoder-webm-vorbis: bf7c407c2cedff20999df2af8eb42d56 -> 
========================================================================
Received Prepare
Registering precompiled user dll's ...
Registered in 0.011187 seconds.
Begin MonoManager ReloadAssembly
Native extension for WindowsStandalone target not found
Refreshing native plugins compatible for Editor in 2.52 ms, found 2 plugins.
Preloading 0 native plugins for Editor in 0.00 ms.
Mono: successfully reloaded assembly
- Completed reload, in  4.243 seconds
Domain Reload Profiling:
	ReloadAssembly (4245ms)
		BeginReloadAssembly (312ms)
			ExecutionOrderSort (0ms)
			DisableScriptedObjects (17ms)
			BackupInstance (0ms)
			ReleaseScriptingObjects (0ms)
			CreateAndSetChildDomain (98ms)
		EndReloadAssembly (3721ms)
			LoadAssemblies (236ms)
			RebuildTransferFunctionScriptingTraits (0ms)
			SetupTypeCache (1284ms)
			ReleaseScriptCaches (4ms)
			RebuildScriptCaches (200ms)
			SetupLoadedEditorAssemblies (1113ms)
				LogAssemblyErrors (0ms)
				InitializePlatformSupportModulesInManaged (15ms)
				SetLoadedEditorAssemblies (3ms)
				RefreshPlugins (3ms)
				BeforeProcessingInitializeOnLoad (284ms)
				ProcessInitializeOnLoadAttributes (780ms)
				ProcessInitializeOnLoadMethodAttributes (21ms)
				AfterProcessingInitializeOnLoad (6ms)
				EditorAssembliesLoaded (0ms)
			ExecutionOrderSort2 (0ms)
			AwakeInstancesAfterBackupRestoration (43ms)
Platform modules already initialized, skipping
D3D shader create error for pixel shader [0x80070057]
Refreshing native plugins compatible for Editor in 2.06 ms, found 2 plugins.
Preloading 0 native plugins for Editor in 0.00 ms.
Unloading 4381 Unused Serialized files (Serialized files now loaded: 0)
System memory in use before: 228.7 MB.
System memory in use after: 229.1 MB.

Unloading 18 unused Assets to reduce memory usage. Loaded Objects now: 5464.
Total: 10.466700 ms (FindLiveObjects: 1.549300 ms CreateObjectMapping: 1.619800 ms MarkObjects: 7.111600 ms  DeleteObjects: 0.183600 ms)

AssetImportParameters requested are different than current active one (requested -> active):
  custom:framework-win-MediaFoundation: 216162199b28c13a410421893ffa2e32 -> 
  custom:video-decoder-ogg-theora: a1e56fd34408186e4bbccfd4996cb3dc -> 
  custom:container-muxer-webm: aa71ff27fc2769a1b78a27578f13a17b -> 
  custom:container-demuxer-webm: 4f35f7cbe854078d1ac9338744f61a02 -> 
  custom:container-demuxer-ogg: 62fdf1f143b41e24485cea50d1cbac27 -> 
  custom:video-encoder-webm-vp8: eb34c28f22e8b96e1ab97ce403110664 -> 
  custom:video-decoder-webm-vp8: 9c59270c3fd7afecdb556c50c9e8de78 -> 
  custom:audio-decoder-ogg-vorbis: bf7c407c2cedff20999df2af8eb42d56 -> 
  custom:audio-encoder-webm-vorbis: bf7c407c2cedff20999df2af8eb42d56 -> 
========================================================================
Received Import Request.
  Time since last request: 1001.867188 seconds.
  path: Assets/Materials/Stage2 Hall/Chain/Chain.mat
  artifactKey: Guid(496a3f0f48728454087339c46eecba70) Importer(815301076,1909f56bfc062723c751e8b465ee728b)
Start importing Assets/Materials/Stage2 Hall/Chain/Chain.mat using Guid(496a3f0f48728454087339c46eecba70) Importer(815301076,1909f56bfc062723c751e8b465ee728b)  -> (artifact id: '22d89ae3bce7794e0aae14292e22a88a') in 1.225288 seconds 
  Import took 1.287334 seconds .

========================================================================
Received Prepare
Registering precompiled user dll's ...
Registered in 0.011436 seconds.
Begin MonoManager ReloadAssembly
Native extension for WindowsStandalone target not found
Refreshing native plugins compatible for Editor in 2.99 ms, found 2 plugins.
Preloading 0 native plugins for Editor in 0.00 ms.
Mono: successfully reloaded assembly
- Completed reload, in  6.368 seconds
Domain Reload Profiling:
	ReloadAssembly (6371ms)
		BeginReloadAssembly (405ms)
			ExecutionOrderSort (0ms)
			DisableScriptedObjects (82ms)
			BackupInstance (0ms)
			ReleaseScriptingObjects (0ms)
			CreateAndSetChildDomain (99ms)
		EndReloadAssembly (5823ms)
			LoadAssemblies (468ms)
			RebuildTransferFunctionScriptingTraits (0ms)
			SetupTypeCache (1972ms)
			ReleaseScriptCaches (10ms)
			RebuildScriptCaches (357ms)
			SetupLoadedEditorAssemblies (1569ms)
				LogAssemblyErrors (0ms)
				InitializePlatformSupportModulesInManaged (17ms)
				SetLoadedEditorAssemblies (1ms)
				RefreshPlugins (3ms)
				BeforeProcessingInitializeOnLoad (360ms)
				ProcessInitializeOnLoadAttributes (1136ms)
				ProcessInitializeOnLoadMethodAttributes (42ms)
				AfterProcessingInitializeOnLoad (9ms)
				EditorAssembliesLoaded (1ms)
			ExecutionOrderSort2 (0ms)
			AwakeInstancesAfterBackupRestoration (90ms)
Platform modules already initialized, skipping
D3D shader create error for pixel shader [0x80070057]
Refreshing native plugins compatible for Editor in 3.80 ms, found 2 plugins.
Preloading 0 native plugins for Editor in 0.00 ms.
Unloading 4381 Unused Serialized files (Serialized files now loaded: 0)
System memory in use before: 229.0 MB.
System memory in use after: 229.4 MB.

Unloading 18 unused Assets to reduce memory usage. Loaded Objects now: 5567.
Total: 14.531000 ms (FindLiveObjects: 0.942200 ms CreateObjectMapping: 0.264300 ms MarkObjects: 13.070500 ms  DeleteObjects: 0.250700 ms)

AssetImportParameters requested are different than current active one (requested -> active):
  custom:framework-win-MediaFoundation: 216162199b28c13a410421893ffa2e32 -> 
  custom:video-decoder-ogg-theora: a1e56fd34408186e4bbccfd4996cb3dc -> 
  custom:container-muxer-webm: aa71ff27fc2769a1b78a27578f13a17b -> 
  custom:container-demuxer-webm: 4f35f7cbe854078d1ac9338744f61a02 -> 
  custom:container-demuxer-ogg: 62fdf1f143b41e24485cea50d1cbac27 -> 
  custom:video-encoder-webm-vp8: eb34c28f22e8b96e1ab97ce403110664 -> 
  custom:video-decoder-webm-vp8: 9c59270c3fd7afecdb556c50c9e8de78 -> 
  custom:audio-decoder-ogg-vorbis: bf7c407c2cedff20999df2af8eb42d56 -> 
  custom:audio-encoder-webm-vorbis: bf7c407c2cedff20999df2af8eb42d56 -> 
========================================================================
Received Prepare
Registering precompiled user dll's ...
Registered in 0.013655 seconds.
Begin MonoManager ReloadAssembly
Native extension for WindowsStandalone target not found
Refreshing native plugins compatible for Editor in 1.73 ms, found 2 plugins.
Preloading 0 native plugins for Editor in 0.00 ms.
Mono: successfully reloaded assembly
- Completed reload, in  3.836 seconds
Domain Reload Profiling:
	ReloadAssembly (3837ms)
		BeginReloadAssembly (293ms)
			ExecutionOrderSort (0ms)
			DisableScriptedObjects (11ms)
			BackupInstance (0ms)
			ReleaseScriptingObjects (0ms)
			CreateAndSetChildDomain (80ms)
		EndReloadAssembly (3262ms)
			LoadAssemblies (308ms)
			RebuildTransferFunctionScriptingTraits (0ms)
			SetupTypeCache (873ms)
			ReleaseScriptCaches (3ms)
			RebuildScriptCaches (213ms)
			SetupLoadedEditorAssemblies (1380ms)
				LogAssemblyErrors (0ms)
				InitializePlatformSupportModulesInManaged (7ms)
				SetLoadedEditorAssemblies (1ms)
				RefreshPlugins (2ms)
				BeforeProcessingInitializeOnLoad (253ms)
				ProcessInitializeOnLoadAttributes (1089ms)
				ProcessInitializeOnLoadMethodAttributes (20ms)
				AfterProcessingInitializeOnLoad (8ms)
				EditorAssembliesLoaded (1ms)
			ExecutionOrderSort2 (0ms)
			AwakeInstancesAfterBackupRestoration (46ms)
Platform modules already initialized, skipping
D3D shader create error for pixel shader [0x80070057]
Refreshing native plugins compatible for Editor in 1.74 ms, found 2 plugins.
Preloading 0 native plugins for Editor in 0.00 ms.
Unloading 4381 Unused Serialized files (Serialized files now loaded: 0)
System memory in use before: 229.0 MB.
System memory in use after: 229.4 MB.

Unloading 18 unused Assets to reduce memory usage. Loaded Objects now: 5569.
Total: 12.439200 ms (FindLiveObjects: 0.854000 ms CreateObjectMapping: 0.282800 ms MarkObjects: 10.681300 ms  DeleteObjects: 0.618800 ms)

AssetImportParameters requested are different than current active one (requested -> active):
  custom:framework-win-MediaFoundation: 216162199b28c13a410421893ffa2e32 -> 
  custom:video-decoder-ogg-theora: a1e56fd34408186e4bbccfd4996cb3dc -> 
  custom:container-muxer-webm: aa71ff27fc2769a1b78a27578f13a17b -> 
  custom:container-demuxer-webm: 4f35f7cbe854078d1ac9338744f61a02 -> 
  custom:container-demuxer-ogg: 62fdf1f143b41e24485cea50d1cbac27 -> 
  custom:video-encoder-webm-vp8: eb34c28f22e8b96e1ab97ce403110664 -> 
  custom:video-decoder-webm-vp8: 9c59270c3fd7afecdb556c50c9e8de78 -> 
  custom:audio-decoder-ogg-vorbis: bf7c407c2cedff20999df2af8eb42d56 -> 
  custom:audio-encoder-webm-vorbis: bf7c407c2cedff20999df2af8eb42d56 -> 
========================================================================
Received Import Request.
  Time since last request: 2246.957161 seconds.
  path: Assets/AllSkyFree/_AllSkyFreeDemoEnvironment/AllSky_DemoEnvironment.fbx
  artifactKey: Guid(3ca2c2ce56b9e44f598f5de419ce4e8a) Importer(815301076,1909f56bfc062723c751e8b465ee728b)
Start importing Assets/AllSkyFree/_AllSkyFreeDemoEnvironment/AllSky_DemoEnvironment.fbx using Guid(3ca2c2ce56b9e44f598f5de419ce4e8a) Importer(815301076,1909f56bfc062723c751e8b465ee728b)  -> (artifact id: 'c22c7b3d3e43de58b732ab50daad688b') in 1.978660 seconds 
  Import took 2.018862 seconds .

========================================================================
Received Import Request.
  Time since last request: 0.000546 seconds.
  path: Packages/com.unity.visualeffectgraph/Meshes/Octagon.mesh
  artifactKey: Guid(71ccc660ddd123e478c0655a1cc5e6df) Importer(815301076,1909f56bfc062723c751e8b465ee728b)
Start importing Packages/com.unity.visualeffectgraph/Meshes/Octagon.mesh using Guid(71ccc660ddd123e478c0655a1cc5e6df) Importer(815301076,1909f56bfc062723c751e8b465ee728b)  -> (artifact id: 'bbc24e8007f001a9e8ef3d85a51f4b25') in 0.129130 seconds 
  Import took 0.142190 seconds .

========================================================================
Received Import Request.
  Time since last request: 0.000500 seconds.
  path: Assets/AllSkyFree/_AllSkyFreeDemoEnvironment/AllSky_DemoEnvironment_Center.fbx
  artifactKey: Guid(258cb4865d37b4292be3195af50aaa8c) Importer(815301076,1909f56bfc062723c751e8b465ee728b)
Start importing Assets/AllSkyFree/_AllSkyFreeDemoEnvironment/AllSky_DemoEnvironment_Center.fbx using Guid(258cb4865d37b4292be3195af50aaa8c) Importer(815301076,1909f56bfc062723c751e8b465ee728b)  -> (artifact id: '4d22b35b689edb668877f7f6791f1db0') in 0.142055 seconds 
  Import took 0.171224 seconds .

========================================================================
Received Import Request.
  Time since last request: 0.000711 seconds.
  path: Packages/com.unity.render-pipelines.high-definition/Runtime/RenderPipelineResources/Mesh/HumanEyeModel.fbx
  artifactKey: Guid(bc7f614d61b9b2a49a9ca3530b20da5c) Importer(815301076,1909f56bfc062723c751e8b465ee728b)
Start importing Packages/com.unity.render-pipelines.high-definition/Runtime/RenderPipelineResources/Mesh/HumanEyeModel.fbx using Guid(bc7f614d61b9b2a49a9ca3530b20da5c) Importer(815301076,1909f56bfc062723c751e8b465ee728b)  -> (artifact id: '9965be1533b7cac03fb176353a767872') in 0.142847 seconds 
  Import took 0.167504 seconds .

========================================================================
Received Import Request.
  Time since last request: 0.000730 seconds.
  path: Assets/AllSkyFree/_AllSkyFreeDemoEnvironment/AllSky_DemoEnvironment_Light.fbx
  artifactKey: Guid(d9ad0f74d68824711bc800186cf63d22) Importer(815301076,1909f56bfc062723c751e8b465ee728b)
Start importing Assets/AllSkyFree/_AllSkyFreeDemoEnvironment/AllSky_DemoEnvironment_Light.fbx using Guid(d9ad0f74d68824711bc800186cf63d22) Importer(815301076,1909f56bfc062723c751e8b465ee728b)  -> (artifact id: '3bfc8647b3aa2e851b7b80c134aa2298') in 0.094770 seconds 
  Import took 0.139933 seconds .

========================================================================
Received Import Request.
  Time since last request: 0.000468 seconds.
  path: Packages/com.unity.visualeffectgraph/Meshes/Hexagon.mesh
  artifactKey: Guid(5813e7dad85d21748a1abefe92420737) Importer(815301076,1909f56bfc062723c751e8b465ee728b)
Start importing Packages/com.unity.visualeffectgraph/Meshes/Hexagon.mesh using Guid(5813e7dad85d21748a1abefe92420737) Importer(815301076,1909f56bfc062723c751e8b465ee728b)  -> (artifact id: '01250c3a6b03ac3e24c568cc3cb67831') in 0.035682 seconds 
  Import took 0.062181 seconds .

========================================================================
Received Import Request.
  Time since last request: 0.000462 seconds.
  path: Packages/com.unity.render-pipelines.high-definition/Runtime/RenderPipelineResources/Mesh/Disc.fbx
  artifactKey: Guid(aa0197e8182e0924897ca6c14966b2d0) Importer(815301076,1909f56bfc062723c751e8b465ee728b)
Start importing Packages/com.unity.render-pipelines.high-definition/Runtime/RenderPipelineResources/Mesh/Disc.fbx using Guid(aa0197e8182e0924897ca6c14966b2d0) Importer(815301076,1909f56bfc062723c751e8b465ee728b)  -> (artifact id: '375026bfc6f8854d13de60c139c7a3e8') in 0.129059 seconds 
  Import took 0.215542 seconds .

========================================================================
Received Import Request.
  Time since last request: 0.000640 seconds.
  path: Assets/AllSkyFree/_AllSkyFreeDemoEnvironment/AllSky_DemoEnvironment02.fbx
  artifactKey: Guid(e8f07670fb0274e35a65e6e98594a930) Importer(815301076,1909f56bfc062723c751e8b465ee728b)
Start importing Assets/AllSkyFree/_AllSkyFreeDemoEnvironment/AllSky_DemoEnvironment02.fbx using Guid(e8f07670fb0274e35a65e6e98594a930) Importer(815301076,1909f56bfc062723c751e8b465ee728b)  -> (artifact id: 'e261da23947825c4d7f5bc844ba2ab00') in 0.188937 seconds 
  Import took 0.202552 seconds .

========================================================================
Received Import Request.
  Time since last request: 0.000404 seconds.
  path: Packages/com.unity.render-pipelines.high-definition/Runtime/RenderPipelineResources/Mesh/Cylinder.fbx
  artifactKey: Guid(accb6d90f0d50fe4ca0f68159b4323de) Importer(815301076,1909f56bfc062723c751e8b465ee728b)
Start importing Packages/com.unity.render-pipelines.high-definition/Runtime/RenderPipelineResources/Mesh/Cylinder.fbx using Guid(accb6d90f0d50fe4ca0f68159b4323de) Importer(815301076,1909f56bfc062723c751e8b465ee728b)  -> (artifact id: '428b0eab3e5da0c5418ccd69e6bd868c') in 0.120055 seconds 
  Import took 0.137326 seconds .

========================================================================
Received Prepare
Registering precompiled user dll's ...
Registered in 0.011371 seconds.
Begin MonoManager ReloadAssembly
Native extension for WindowsStandalone target not found
Refreshing native plugins compatible for Editor in 1.72 ms, found 2 plugins.
Preloading 0 native plugins for Editor in 0.00 ms.
Mono: successfully reloaded assembly
- Completed reload, in  6.245 seconds
Domain Reload Profiling:
	ReloadAssembly (6246ms)
		BeginReloadAssembly (437ms)
			ExecutionOrderSort (0ms)
			DisableScriptedObjects (141ms)
			BackupInstance (0ms)
			ReleaseScriptingObjects (0ms)
			CreateAndSetChildDomain (92ms)
		EndReloadAssembly (5674ms)
			LoadAssemblies (331ms)
			RebuildTransferFunctionScriptingTraits (0ms)
			SetupTypeCache (1431ms)
			ReleaseScriptCaches (4ms)
			RebuildScriptCaches (323ms)
			SetupLoadedEditorAssemblies (2656ms)
				LogAssemblyErrors (0ms)
				InitializePlatformSupportModulesInManaged (24ms)
				SetLoadedEditorAssemblies (1ms)
				RefreshPlugins (2ms)
				BeforeProcessingInitializeOnLoad (355ms)
				ProcessInitializeOnLoadAttributes (2242ms)
				ProcessInitializeOnLoadMethodAttributes (23ms)
				AfterProcessingInitializeOnLoad (7ms)
				EditorAssembliesLoaded (1ms)
			ExecutionOrderSort2 (0ms)
			AwakeInstancesAfterBackupRestoration (53ms)
Platform modules already initialized, skipping
D3D shader create error for pixel shader [0x80070057]
Refreshing native plugins compatible for Editor in 2.14 ms, found 2 plugins.
Preloading 0 native plugins for Editor in 0.00 ms.
Unloading 4388 Unused Serialized files (Serialized files now loaded: 0)
System memory in use before: 229.7 MB.
System memory in use after: 230.1 MB.

Unloading 19 unused Assets to reduce memory usage. Loaded Objects now: 5682.
Total: 10.000900 ms (FindLiveObjects: 0.958500 ms CreateObjectMapping: 0.283400 ms MarkObjects: 8.564800 ms  DeleteObjects: 0.192400 ms)

AssetImportParameters requested are different than current active one (requested -> active):
  custom:framework-win-MediaFoundation: 216162199b28c13a410421893ffa2e32 -> 
  custom:video-decoder-ogg-theora: a1e56fd34408186e4bbccfd4996cb3dc -> 
  custom:container-muxer-webm: aa71ff27fc2769a1b78a27578f13a17b -> 
  custom:container-demuxer-webm: 4f35f7cbe854078d1ac9338744f61a02 -> 
  custom:container-demuxer-ogg: 62fdf1f143b41e24485cea50d1cbac27 -> 
  custom:video-encoder-webm-vp8: eb34c28f22e8b96e1ab97ce403110664 -> 
  custom:video-decoder-webm-vp8: 9c59270c3fd7afecdb556c50c9e8de78 -> 
  custom:audio-decoder-ogg-vorbis: bf7c407c2cedff20999df2af8eb42d56 -> 
  custom:audio-encoder-webm-vorbis: bf7c407c2cedff20999df2af8eb42d56 -> 
========================================================================
Received Import Request.
  Time since last request: 348.362672 seconds.
  path: Assets/ConeCollider/readme_en.txt
  artifactKey: Guid(62d35586a6545f742af7caec909c940c) Importer(815301076,1909f56bfc062723c751e8b465ee728b)
Start importing Assets/ConeCollider/readme_en.txt using Guid(62d35586a6545f742af7caec909c940c) Importer(815301076,1909f56bfc062723c751e8b465ee728b)  -> (artifact id: 'eda8903632dc86895dd73587755f21d5') in 0.110635 seconds 
  Import took 0.139359 seconds .

========================================================================
Received Import Request.
  Time since last request: 9.339724 seconds.
  path: Assets/ConeCollider/Resources
  artifactKey: Guid(1193ca1d107d1c64c9e82ec84b6c6c48) Importer(815301076,1909f56bfc062723c751e8b465ee728b)
Start importing Assets/ConeCollider/Resources using Guid(1193ca1d107d1c64c9e82ec84b6c6c48) Importer(815301076,1909f56bfc062723c751e8b465ee728b)  -> (artifact id: 'eaa159f63545cf1bb53a518598f7e875') in 0.008521 seconds 
  Import took 0.052599 seconds .

========================================================================
Received Import Request.
  Time since last request: 1.473705 seconds.
  path: Assets/ConeCollider/Samples
  artifactKey: Guid(85ad513c069a3bd4e8c8f4fef7fb202c) Importer(815301076,1909f56bfc062723c751e8b465ee728b)
Start importing Assets/ConeCollider/Samples using Guid(85ad513c069a3bd4e8c8f4fef7fb202c) Importer(815301076,1909f56bfc062723c751e8b465ee728b)  -> (artifact id: '82288c7775d379bdcae465907cc58b25') in 0.003864 seconds 
  Import took 0.046126 seconds .

========================================================================
Received Import Request.
  Time since last request: 0.679827 seconds.
  path: Assets/ConeCollider/Samples/Sample_1
  artifactKey: Guid(9025322437e9c8240bcce5a6d40b4ece) Importer(815301076,1909f56bfc062723c751e8b465ee728b)
Start importing Assets/ConeCollider/Samples/Sample_1 using Guid(9025322437e9c8240bcce5a6d40b4ece) Importer(815301076,1909f56bfc062723c751e8b465ee728b)  -> (artifact id: 'c74d77574712a43604382e3d8cc88b9f') in 0.005748 seconds 
  Import took 0.046970 seconds .

========================================================================
Received Import Request.
  Time since last request: 3.836353 seconds.
  path: Assets/ConeCollider/readme_jp.txt
  artifactKey: Guid(48e90cb0a9da6064bb005c4ea3971e00) Importer(815301076,1909f56bfc062723c751e8b465ee728b)
Start importing Assets/ConeCollider/readme_jp.txt using Guid(48e90cb0a9da6064bb005c4ea3971e00) Importer(815301076,1909f56bfc062723c751e8b465ee728b)  -> (artifact id: '288f28866045ed161359620828172f04') in 0.004363 seconds 
  Import took 0.040896 seconds .

========================================================================
Received Import Request.
  Time since last request: 98.021454 seconds.
  path: Assets/ConeCollider/Script
  artifactKey: Guid(b51eb2e16ad5e6a4888480a7bccf2ab1) Importer(815301076,1909f56bfc062723c751e8b465ee728b)
Start importing Assets/ConeCollider/Script using Guid(b51eb2e16ad5e6a4888480a7bccf2ab1) Importer(815301076,1909f56bfc062723c751e8b465ee728b)  -> (artifact id: '00ef32ea9f86d28fa1f7a23cdd598986') in 0.023470 seconds 
  Import took 0.066581 seconds .

========================================================================
Received Import Request.
  Time since last request: 1.991163 seconds.
  path: Assets/ConeCollider/Script/ColliderTest.cs
  artifactKey: Guid(bd4df80caa3d5f5449bc6f9300144d86) Importer(815301076,1909f56bfc062723c751e8b465ee728b)
Start importing Assets/ConeCollider/Script/ColliderTest.cs using Guid(bd4df80caa3d5f5449bc6f9300144d86) Importer(815301076,1909f56bfc062723c751e8b465ee728b)  -> (artifact id: 'de773b9d6809f09267717810559900be') in 0.005216 seconds 
  Import took 0.016955 seconds .

========================================================================
Received Import Request.
  Time since last request: 0.901935 seconds.
  path: Assets/ConeCollider/Script/ConeCollider.cs
  artifactKey: Guid(544e52e7528d39543a55e8259cace9bb) Importer(815301076,1909f56bfc062723c751e8b465ee728b)
Start importing Assets/ConeCollider/Script/ConeCollider.cs using Guid(544e52e7528d39543a55e8259cace9bb) Importer(815301076,1909f56bfc062723c751e8b465ee728b)  -> (artifact id: 'e0b04c56a4c721839879289075dd35e6') in 0.003241 seconds 
  Import took 0.039580 seconds .

========================================================================
Received Prepare
Registering precompiled user dll's ...
Registered in 0.598747 seconds.
Begin MonoManager ReloadAssembly
Native extension for WindowsStandalone target not found
Refreshing native plugins compatible for Editor in 1.81 ms, found 2 plugins.
Preloading 0 native plugins for Editor in 0.00 ms.
Mono: successfully reloaded assembly
- Completed reload, in  3.489 seconds
Domain Reload Profiling:
	ReloadAssembly (3490ms)
		BeginReloadAssembly (246ms)
			ExecutionOrderSort (0ms)
			DisableScriptedObjects (11ms)
			BackupInstance (0ms)
			ReleaseScriptingObjects (0ms)
			CreateAndSetChildDomain (72ms)
		EndReloadAssembly (3098ms)
			LoadAssemblies (222ms)
			RebuildTransferFunctionScriptingTraits (0ms)
			SetupTypeCache (924ms)
			ReleaseScriptCaches (16ms)
			RebuildScriptCaches (201ms)
			SetupLoadedEditorAssemblies (958ms)
				LogAssemblyErrors (0ms)
				InitializePlatformSupportModulesInManaged (10ms)
				SetLoadedEditorAssemblies (1ms)
				RefreshPlugins (2ms)
				BeforeProcessingInitializeOnLoad (259ms)
				ProcessInitializeOnLoadAttributes (659ms)
				ProcessInitializeOnLoadMethodAttributes (21ms)
				AfterProcessingInitializeOnLoad (6ms)
				EditorAssembliesLoaded (0ms)
			ExecutionOrderSort2 (0ms)
			AwakeInstancesAfterBackupRestoration (54ms)
Platform modules already initialized, skipping
D3D shader create error for pixel shader [0x80070057]
Refreshing native plugins compatible for Editor in 1.73 ms, found 2 plugins.
Preloading 0 native plugins for Editor in 0.00 ms.
Unloading 4388 Unused Serialized files (Serialized files now loaded: 0)
System memory in use before: 229.6 MB.
System memory in use after: 230.0 MB.

Unloading 18 unused Assets to reduce memory usage. Loaded Objects now: 5684.
Total: 9.591200 ms (FindLiveObjects: 0.991800 ms CreateObjectMapping: 0.293400 ms MarkObjects: 8.123900 ms  DeleteObjects: 0.179200 ms)

AssetImportParameters requested are different than current active one (requested -> active):
  custom:framework-win-MediaFoundation: 216162199b28c13a410421893ffa2e32 -> 
  custom:video-decoder-ogg-theora: a1e56fd34408186e4bbccfd4996cb3dc -> 
  custom:container-muxer-webm: aa71ff27fc2769a1b78a27578f13a17b -> 
  custom:container-demuxer-webm: 4f35f7cbe854078d1ac9338744f61a02 -> 
  custom:container-demuxer-ogg: 62fdf1f143b41e24485cea50d1cbac27 -> 
  custom:video-encoder-webm-vp8: eb34c28f22e8b96e1ab97ce403110664 -> 
  custom:video-decoder-webm-vp8: 9c59270c3fd7afecdb556c50c9e8de78 -> 
  custom:audio-decoder-ogg-vorbis: bf7c407c2cedff20999df2af8eb42d56 -> 
  custom:audio-encoder-webm-vorbis: bf7c407c2cedff20999df2af8eb42d56 -> 
========================================================================
Received Prepare
Registering precompiled user dll's ...
Registered in 0.009955 seconds.
Begin MonoManager ReloadAssembly
Native extension for WindowsStandalone target not found
Refreshing native plugins compatible for Editor in 1.97 ms, found 2 plugins.
Preloading 0 native plugins for Editor in 0.00 ms.
Mono: successfully reloaded assembly
- Completed reload, in  3.065 seconds
Domain Reload Profiling:
	ReloadAssembly (3066ms)
		BeginReloadAssembly (290ms)
			ExecutionOrderSort (0ms)
			DisableScriptedObjects (11ms)
			BackupInstance (0ms)
			ReleaseScriptingObjects (0ms)
			CreateAndSetChildDomain (76ms)
		EndReloadAssembly (2639ms)
			LoadAssemblies (249ms)
			RebuildTransferFunctionScriptingTraits (0ms)
			SetupTypeCache (857ms)
			ReleaseScriptCaches (3ms)
			RebuildScriptCaches (177ms)
			SetupLoadedEditorAssemblies (862ms)
				LogAssemblyErrors (0ms)
				InitializePlatformSupportModulesInManaged (7ms)
				SetLoadedEditorAssemblies (1ms)
				RefreshPlugins (2ms)
				BeforeProcessingInitializeOnLoad (202ms)
				ProcessInitializeOnLoadAttributes (622ms)
				ProcessInitializeOnLoadMethodAttributes (20ms)
				AfterProcessingInitializeOnLoad (7ms)
				EditorAssembliesLoaded (0ms)
			ExecutionOrderSort2 (0ms)
			AwakeInstancesAfterBackupRestoration (50ms)
Platform modules already initialized, skipping
D3D shader create error for pixel shader [0x80070057]
Refreshing native plugins compatible for Editor in 1.59 ms, found 2 plugins.
Preloading 0 native plugins for Editor in 0.00 ms.
Unloading 4388 Unused Serialized files (Serialized files now loaded: 0)
System memory in use before: 229.8 MB.
System memory in use after: 230.2 MB.

Unloading 18 unused Assets to reduce memory usage. Loaded Objects now: 5686.
Total: 8.916500 ms (FindLiveObjects: 0.865400 ms CreateObjectMapping: 0.271300 ms MarkObjects: 7.570900 ms  DeleteObjects: 0.207100 ms)

AssetImportParameters requested are different than current active one (requested -> active):
  custom:framework-win-MediaFoundation: 216162199b28c13a410421893ffa2e32 -> 
  custom:video-decoder-ogg-theora: a1e56fd34408186e4bbccfd4996cb3dc -> 
  custom:container-muxer-webm: aa71ff27fc2769a1b78a27578f13a17b -> 
  custom:container-demuxer-webm: 4f35f7cbe854078d1ac9338744f61a02 -> 
  custom:container-demuxer-ogg: 62fdf1f143b41e24485cea50d1cbac27 -> 
  custom:video-encoder-webm-vp8: eb34c28f22e8b96e1ab97ce403110664 -> 
  custom:video-decoder-webm-vp8: 9c59270c3fd7afecdb556c50c9e8de78 -> 
  custom:audio-decoder-ogg-vorbis: bf7c407c2cedff20999df2af8eb42d56 -> 
  custom:audio-encoder-webm-vorbis: bf7c407c2cedff20999df2af8eb42d56 -> 
========================================================================
Received Import Request.
  Time since last request: 202.346185 seconds.
  path: Assets/ConeCollider/Samples/Sample_2
  artifactKey: Guid(b2d42d1a95fef064eb7304da9b35cb04) Importer(815301076,1909f56bfc062723c751e8b465ee728b)
Start importing Assets/ConeCollider/Samples/Sample_2 using Guid(b2d42d1a95fef064eb7304da9b35cb04) Importer(815301076,1909f56bfc062723c751e8b465ee728b)  -> (artifact id: 'b6c1ae78b459278a9e9201c38cab0f14') in 0.029172 seconds 
  Import took 0.089473 seconds .

========================================================================
Received Import Request.
  Time since last request: 15.193452 seconds.
  path: Assets/Scenes/SampleScene.unity
  artifactKey: Guid(9fc0d4010bbf28b4594072e72b8655ab) Importer(815301076,1909f56bfc062723c751e8b465ee728b)
Start importing Assets/Scenes/SampleScene.unity using Guid(9fc0d4010bbf28b4594072e72b8655ab) Importer(815301076,1909f56bfc062723c751e8b465ee728b)  -> (artifact id: '927e5f82d3f24cf2c8ef287f7969a95f') in 0.045928 seconds 
  Import took 0.082487 seconds .

========================================================================
Received Import Request.
  Time since last request: 2.546576 seconds.
  path: Assets/Scenes/SampleScene/LightingData.asset
  artifactKey: Guid(e545f1ae92707e548820884bd0af5a79) Importer(815301076,1909f56bfc062723c751e8b465ee728b)
Start importing Assets/Scenes/SampleScene/LightingData.asset using Guid(e545f1ae92707e548820884bd0af5a79) Importer(815301076,1909f56bfc062723c751e8b465ee728b)  -> (artifact id: '14db995248b52560172bfad9de219c75') in 0.060588 seconds 
  Import took 0.129691 seconds .

========================================================================
Received Import Request.
  Time since last request: 0.000484 seconds.
  path: Assets/Scenes/SampleScene/ReflectionProbe-0.exr
  artifactKey: Guid(109be9c738c91bc4698550933fbc7a06) Importer(815301076,1909f56bfc062723c751e8b465ee728b)
Start importing Assets/Scenes/SampleScene/ReflectionProbe-0.exr using Guid(109be9c738c91bc4698550933fbc7a06) Importer(815301076,1909f56bfc062723c751e8b465ee728b)  -> (artifact id: '97f5c22b5f9f9948d9223f47c2a2f485') in 0.176996 seconds 
  Import took 0.208728 seconds .

========================================================================
Received Import Request.
  Time since last request: 0.000458 seconds.
  path: Assets/Scenes/SampleScene/Sky and Fog Settings Profile.asset
  artifactKey: Guid(e51eefe59a36c56489ce79822fd706ae) Importer(815301076,1909f56bfc062723c751e8b465ee728b)
Start importing Assets/Scenes/SampleScene/Sky and Fog Settings Profile.asset using Guid(e51eefe59a36c56489ce79822fd706ae) Importer(815301076,1909f56bfc062723c751e8b465ee728b)  -> (artifact id: 'a951fc7d920d22628053dd00bc872c64') in 0.036149 seconds 
  Import took 0.081417 seconds .

========================================================================
Received Import Request.
  Time since last request: 0.000699 seconds.
  path: Assets/Scenes/SampleScene/PostProcessing Profile.asset
  artifactKey: Guid(f74127628c65ae342812c38875c0ff27) Importer(815301076,1909f56bfc062723c751e8b465ee728b)
Start importing Assets/Scenes/SampleScene/PostProcessing Profile.asset using Guid(f74127628c65ae342812c38875c0ff27) Importer(815301076,1909f56bfc062723c751e8b465ee728b)  -> (artifact id: 'b067b715faf9073c74331cba7e111280') in 0.024239 seconds 
  Import took 0.066423 seconds .

========================================================================
Received Import Request.
  Time since last request: 0.000428 seconds.
  path: Assets/Scenes/SampleScene/Sky and Fog Settings Profile 1.asset
  artifactKey: Guid(20bd8117edfad5f44904ecc02a1aadee) Importer(815301076,1909f56bfc062723c751e8b465ee728b)
Start importing Assets/Scenes/SampleScene/Sky and Fog Settings Profile 1.asset using Guid(20bd8117edfad5f44904ecc02a1aadee) Importer(815301076,1909f56bfc062723c751e8b465ee728b)  -> (artifact id: '034c293a53cc10a7b63968d8ba0b831f') in 0.399973 seconds 
  Import took 0.421554 seconds .

========================================================================
Received Import Request.
  Time since last request: 2.856686 seconds.
  path: Assets/ConeCollider
  artifactKey: Guid(53143111e5f5a094f8e13b830fafdc25) Importer(815301076,1909f56bfc062723c751e8b465ee728b)
Start importing Assets/ConeCollider using Guid(53143111e5f5a094f8e13b830fafdc25) Importer(815301076,1909f56bfc062723c751e8b465ee728b)  -> (artifact id: 'c0aceb1656005194c70e401bd8d651df') in 0.004773 seconds 
  Import took 0.033767 seconds .

========================================================================
Received Import Request.
  Time since last request: 4.515342 seconds.
  path: Assets/ConeCollider/Samples/Sample_1/Sample_1.unity
  artifactKey: Guid(05ca4f18b17c81245bc5aa38fd5f1f46) Importer(815301076,1909f56bfc062723c751e8b465ee728b)
Start importing Assets/ConeCollider/Samples/Sample_1/Sample_1.unity using Guid(05ca4f18b17c81245bc5aa38fd5f1f46) Importer(815301076,1909f56bfc062723c751e8b465ee728b)  -> (artifact id: '005eee55ce526ac1721ecf8c15f8c7bf') in 0.008134 seconds 
  Import took 0.039831 seconds .

========================================================================
Received Import Request.
  Time since last request: 60.971623 seconds.
  path: Assets/Scenes/SampleScene_Profiles/PostProcessing Profile.asset
  artifactKey: Guid(ff1da8f2cf039674ba3af00289697713) Importer(815301076,1909f56bfc062723c751e8b465ee728b)
Start importing Assets/Scenes/SampleScene_Profiles/PostProcessing Profile.asset using Guid(ff1da8f2cf039674ba3af00289697713) Importer(815301076,1909f56bfc062723c751e8b465ee728b)  -> (artifact id: '76f05b8ebf3aff5723d8e542b4eb5975') in 0.063651 seconds 
  Import took 0.094361 seconds .

========================================================================
Received Import Request.
  Time since last request: 176.391825 seconds.
  path: Assets/ConeCollider/Samples/Sample_2/Sample_2Settings.lighting
  artifactKey: Guid(50040d13babafaf449234ee06a8ba653) Importer(815301076,1909f56bfc062723c751e8b465ee728b)
Start importing Assets/ConeCollider/Samples/Sample_2/Sample_2Settings.lighting using Guid(50040d13babafaf449234ee06a8ba653) Importer(815301076,1909f56bfc062723c751e8b465ee728b) LightingSettings: switching bake backend from 1 to 0.
 -> (artifact id: 'c5d0223b081f0ee92b86db8223434b7a') in 0.012284 seconds 
  Import took 0.082559 seconds .

========================================================================
Received Import Request.
  Time since last request: 0.460346 seconds.
  path: Assets/ConeCollider/Samples/Sample_2/Sample_2.unity
  artifactKey: Guid(9b26f7f07ed91ea4b98ad3b345fdd25b) Importer(815301076,1909f56bfc062723c751e8b465ee728b)
Start importing Assets/ConeCollider/Samples/Sample_2/Sample_2.unity using Guid(9b26f7f07ed91ea4b98ad3b345fdd25b) Importer(815301076,1909f56bfc062723c751e8b465ee728b)  -> (artifact id: '02e83d24890a27f5ae6b22cc9b6e26d1') in 0.006060 seconds 
  Import took 0.052602 seconds .

========================================================================
Received Import Request.
  Time since last request: 102.848258 seconds.
  path: Assets/ConeCollider/Samples/Sample_1/InCheck.cs
  artifactKey: Guid(2dad3aeffa5f31b4ab77d7cd0263ee20) Importer(815301076,1909f56bfc062723c751e8b465ee728b)
Start importing Assets/ConeCollider/Samples/Sample_1/InCheck.cs using Guid(2dad3aeffa5f31b4ab77d7cd0263ee20) Importer(815301076,1909f56bfc062723c751e8b465ee728b)  -> (artifact id: '4522156e52353b3eed886c9ece2ada7f') in 0.006546 seconds 
  Import took 0.034448 seconds .

========================================================================
Received Prepare
Registering precompiled user dll's ...
Registered in 0.078451 seconds.
Begin MonoManager ReloadAssembly
Native extension for WindowsStandalone target not found
Refreshing native plugins compatible for Editor in 1.75 ms, found 2 plugins.
Preloading 0 native plugins for Editor in 0.00 ms.
Mono: successfully reloaded assembly
- Completed reload, in  4.178 seconds
Domain Reload Profiling:
	ReloadAssembly (4179ms)
		BeginReloadAssembly (416ms)
			ExecutionOrderSort (0ms)
			DisableScriptedObjects (22ms)
			BackupInstance (0ms)
			ReleaseScriptingObjects (0ms)
			CreateAndSetChildDomain (140ms)
		EndReloadAssembly (3625ms)
			LoadAssemblies (290ms)
			RebuildTransferFunctionScriptingTraits (0ms)
			SetupTypeCache (1089ms)
			ReleaseScriptCaches (4ms)
			RebuildScriptCaches (165ms)
			SetupLoadedEditorAssemblies (910ms)
				LogAssemblyErrors (0ms)
				InitializePlatformSupportModulesInManaged (8ms)
				SetLoadedEditorAssemblies (1ms)
				RefreshPlugins (2ms)
				BeforeProcessingInitializeOnLoad (216ms)
				ProcessInitializeOnLoadAttributes (654ms)
				ProcessInitializeOnLoadMethodAttributes (22ms)
				AfterProcessingInitializeOnLoad (6ms)
				EditorAssembliesLoaded (0ms)
			ExecutionOrderSort2 (0ms)
			AwakeInstancesAfterBackupRestoration (52ms)
Platform modules already initialized, skipping
D3D shader create error for pixel shader [0x80070057]
Refreshing native plugins compatible for Editor in 1.57 ms, found 2 plugins.
Preloading 0 native plugins for Editor in 0.00 ms.
Unloading 4388 Unused Serialized files (Serialized files now loaded: 0)
System memory in use before: 230.0 MB.
System memory in use after: 230.4 MB.

Unloading 18 unused Assets to reduce memory usage. Loaded Objects now: 5691.
Total: 9.118100 ms (FindLiveObjects: 0.888300 ms CreateObjectMapping: 0.256000 ms MarkObjects: 7.791200 ms  DeleteObjects: 0.180600 ms)

AssetImportParameters requested are different than current active one (requested -> active):
  custom:framework-win-MediaFoundation: 216162199b28c13a410421893ffa2e32 -> 
  custom:video-decoder-ogg-theora: a1e56fd34408186e4bbccfd4996cb3dc -> 
  custom:container-muxer-webm: aa71ff27fc2769a1b78a27578f13a17b -> 
  custom:container-demuxer-webm: 4f35f7cbe854078d1ac9338744f61a02 -> 
  custom:container-demuxer-ogg: 62fdf1f143b41e24485cea50d1cbac27 -> 
  custom:video-encoder-webm-vp8: eb34c28f22e8b96e1ab97ce403110664 -> 
  custom:video-decoder-webm-vp8: 9c59270c3fd7afecdb556c50c9e8de78 -> 
  custom:audio-decoder-ogg-vorbis: bf7c407c2cedff20999df2af8eb42d56 -> 
  custom:audio-encoder-webm-vorbis: bf7c407c2cedff20999df2af8eb42d56 -> 
========================================================================
Received Import Request.
  Time since last request: 59.595558 seconds.
  path: Assets/ConeCollider/Samples/Sample_3
  artifactKey: Guid(2798e48f2e3eb744494d005abc3a3c36) Importer(815301076,1909f56bfc062723c751e8b465ee728b)
Start importing Assets/ConeCollider/Samples/Sample_3 using Guid(2798e48f2e3eb744494d005abc3a3c36) Importer(815301076,1909f56bfc062723c751e8b465ee728b)  -> (artifact id: '46058d74856870c727deaff672a6f1d7') in 0.011954 seconds 
  Import took 0.044561 seconds .

========================================================================
Received Import Request.
  Time since last request: 0.000474 seconds.
  path: Assets/ConeCollider/Samples/Sample_3/Sample_3.unity
  artifactKey: Guid(35bf1daf1a486d444b3a7df2bed6ee2a) Importer(815301076,1909f56bfc062723c751e8b465ee728b)
Start importing Assets/ConeCollider/Samples/Sample_3/Sample_3.unity using Guid(35bf1daf1a486d444b3a7df2bed6ee2a) Importer(815301076,1909f56bfc062723c751e8b465ee728b)  -> (artifact id: '7cd43d4ebf19470c933ee049a8b365f4') in 0.043911 seconds 
  Import took 0.075097 seconds .

========================================================================
Received Import Request.
  Time since last request: 0.000481 seconds.
  path: Assets/ConeCollider/Samples/Sample_3/PlayerMove.cs
  artifactKey: Guid(5356f3b0f3d08b343880d60536ffa2e0) Importer(815301076,1909f56bfc062723c751e8b465ee728b)
Start importing Assets/ConeCollider/Samples/Sample_3/PlayerMove.cs using Guid(5356f3b0f3d08b343880d60536ffa2e0) Importer(815301076,1909f56bfc062723c751e8b465ee728b)  -> (artifact id: 'f6cddf92cfaa49ef416fae3968494a22') in 0.005057 seconds 
  Import took 0.040561 seconds .

========================================================================
Received Import Request.
  Time since last request: 0.978437 seconds.
  path: Assets/ConeCollider/Samples/Sample_3/EnemyFind.cs
  artifactKey: Guid(c45433cd2102bf043a7839da1613b50c) Importer(815301076,1909f56bfc062723c751e8b465ee728b)
Start importing Assets/ConeCollider/Samples/Sample_3/EnemyFind.cs using Guid(c45433cd2102bf043a7839da1613b50c) Importer(815301076,1909f56bfc062723c751e8b465ee728b)  -> (artifact id: '319dd173687c72633e76d6557b3d041d') in 0.003295 seconds 
  Import took 0.047749 seconds .

========================================================================
Received Import Request.
  Time since last request: 18.638859 seconds.
  path: Assets/Scenes/SampleScene.unity
  artifactKey: Guid(9fc0d4010bbf28b4594072e72b8655ab) Importer(815301076,1909f56bfc062723c751e8b465ee728b)
Start importing Assets/Scenes/SampleScene.unity using Guid(9fc0d4010bbf28b4594072e72b8655ab) Importer(815301076,1909f56bfc062723c751e8b465ee728b)  -> (artifact id: '43f7aa88fef614c051b97ff52f6a6d2f') in 0.036552 seconds 
  Import took 0.094501 seconds .

========================================================================
Received Import Request.
  Time since last request: 242.491520 seconds.
  path: Assets/Materials/Stage2 Hall/Hall_Camera
  artifactKey: Guid(bbd7e864c217b594ba5358c677caa193) Importer(815301076,1909f56bfc062723c751e8b465ee728b)
Start importing Assets/Materials/Stage2 Hall/Hall_Camera using Guid(bbd7e864c217b594ba5358c677caa193) Importer(815301076,1909f56bfc062723c751e8b465ee728b)  -> (artifact id: '1e28586c4256d4aeba8ca6907da9ceed') in 0.006858 seconds 
  Import took 0.064997 seconds .

========================================================================
Received Import Request.
  Time since last request: 13.981557 seconds.
  path: Assets/Materials/Stage2 Hall/Hall_Camera/Hall_Camera.mat
  artifactKey: Guid(a00629b3b56f17743a0475bd64176c6b) Importer(815301076,1909f56bfc062723c751e8b465ee728b)
Start importing Assets/Materials/Stage2 Hall/Hall_Camera/Hall_Camera.mat using Guid(a00629b3b56f17743a0475bd64176c6b) Importer(815301076,1909f56bfc062723c751e8b465ee728b)  -> (artifact id: 'bba4fc37f2d25d279e16399065eaf8cb') in 1.471336 seconds 
  Import took 1.490233 seconds .

========================================================================
Received Import Request.
  Time since last request: 1897.380567 seconds.
  path: Assets/Materials/Stage2 Hall/Hall_Camera/Hall_Camera.mat
  artifactKey: Guid(a00629b3b56f17743a0475bd64176c6b) Importer(815301076,1909f56bfc062723c751e8b465ee728b)
Start importing Assets/Materials/Stage2 Hall/Hall_Camera/Hall_Camera.mat using Guid(a00629b3b56f17743a0475bd64176c6b) Importer(815301076,1909f56bfc062723c751e8b465ee728b)  -> (artifact id: '75485d943499f89a798017e1e9fe382e') in 1.022484 seconds 
  Import took 1.098014 seconds .

========================================================================
Received Prepare
Registering precompiled user dll's ...
Registered in 0.094253 seconds.
Begin MonoManager ReloadAssembly
Native extension for WindowsStandalone target not found
Refreshing native plugins compatible for Editor in 1.68 ms, found 2 plugins.
Preloading 0 native plugins for Editor in 0.00 ms.
Mono: successfully reloaded assembly
- Completed reload, in  3.630 seconds
Domain Reload Profiling:
	ReloadAssembly (3633ms)
		BeginReloadAssembly (432ms)
			ExecutionOrderSort (0ms)
			DisableScriptedObjects (80ms)
			BackupInstance (0ms)
			ReleaseScriptingObjects (0ms)
			CreateAndSetChildDomain (149ms)
		EndReloadAssembly (3038ms)
			LoadAssemblies (286ms)
			RebuildTransferFunctionScriptingTraits (0ms)
			SetupTypeCache (994ms)
			ReleaseScriptCaches (6ms)
			RebuildScriptCaches (175ms)
			SetupLoadedEditorAssemblies (966ms)
				LogAssemblyErrors (0ms)
				InitializePlatformSupportModulesInManaged (8ms)
				SetLoadedEditorAssemblies (1ms)
				RefreshPlugins (2ms)
				BeforeProcessingInitializeOnLoad (232ms)
				ProcessInitializeOnLoadAttributes (695ms)
				ProcessInitializeOnLoadMethodAttributes (21ms)
				AfterProcessingInitializeOnLoad (7ms)
				EditorAssembliesLoaded (1ms)
			ExecutionOrderSort2 (0ms)
			AwakeInstancesAfterBackupRestoration (60ms)
Platform modules already initialized, skipping
D3D shader create error for pixel shader [0x80070057]
Refreshing native plugins compatible for Editor in 1.59 ms, found 2 plugins.
Preloading 0 native plugins for Editor in 0.00 ms.
Unloading 4388 Unused Serialized files (Serialized files now loaded: 0)
System memory in use before: 230.4 MB.
System memory in use after: 230.8 MB.

Unloading 18 unused Assets to reduce memory usage. Loaded Objects now: 5794.
Total: 13.650200 ms (FindLiveObjects: 1.928700 ms CreateObjectMapping: 1.081100 ms MarkObjects: 10.442000 ms  DeleteObjects: 0.195600 ms)

AssetImportParameters requested are different than current active one (requested -> active):
  custom:framework-win-MediaFoundation: 216162199b28c13a410421893ffa2e32 -> 
  custom:video-decoder-ogg-theora: a1e56fd34408186e4bbccfd4996cb3dc -> 
  custom:container-muxer-webm: aa71ff27fc2769a1b78a27578f13a17b -> 
  custom:container-demuxer-webm: 4f35f7cbe854078d1ac9338744f61a02 -> 
  custom:container-demuxer-ogg: 62fdf1f143b41e24485cea50d1cbac27 -> 
  custom:video-encoder-webm-vp8: eb34c28f22e8b96e1ab97ce403110664 -> 
  custom:video-decoder-webm-vp8: 9c59270c3fd7afecdb556c50c9e8de78 -> 
  custom:audio-decoder-ogg-vorbis: bf7c407c2cedff20999df2af8eb42d56 -> 
  custom:audio-encoder-webm-vorbis: bf7c407c2cedff20999df2af8eb42d56 -> 
========================================================================
Received Import Request.
  Time since last request: 698.245582 seconds.
  path: Assets/Materials/PoliceRoom/Wall/Ground.mat
  artifactKey: Guid(43b1fa59d70e5bb4db85dfa12a627cab) Importer(815301076,1909f56bfc062723c751e8b465ee728b)
Start importing Assets/Materials/PoliceRoom/Wall/Ground.mat using Guid(43b1fa59d70e5bb4db85dfa12a627cab) Importer(815301076,1909f56bfc062723c751e8b465ee728b)  -> (artifact id: 'fb5057a331f5bfaac7a121fd79162fe1') in 2.779438 seconds 
  Import took 2.867419 seconds .

========================================================================
Received Prepare
Registering precompiled user dll's ...
Registered in 0.017457 seconds.
Begin MonoManager ReloadAssembly
Native extension for WindowsStandalone target not found
Refreshing native plugins compatible for Editor in 1.91 ms, found 2 plugins.
Preloading 0 native plugins for Editor in 0.00 ms.
Mono: successfully reloaded assembly
- Completed reload, in  4.720 seconds
Domain Reload Profiling:
	ReloadAssembly (4722ms)
		BeginReloadAssembly (499ms)
			ExecutionOrderSort (0ms)
			DisableScriptedObjects (119ms)
			BackupInstance (0ms)
			ReleaseScriptingObjects (0ms)
			CreateAndSetChildDomain (124ms)
		EndReloadAssembly (4077ms)
			LoadAssemblies (370ms)
			RebuildTransferFunctionScriptingTraits (0ms)
			SetupTypeCache (1063ms)
			ReleaseScriptCaches (4ms)
			RebuildScriptCaches (179ms)
			SetupLoadedEditorAssemblies (1726ms)
				LogAssemblyErrors (0ms)
				InitializePlatformSupportModulesInManaged (7ms)
				SetLoadedEditorAssemblies (1ms)
				RefreshPlugins (2ms)
				BeforeProcessingInitializeOnLoad (728ms)
				ProcessInitializeOnLoadAttributes (958ms)
				ProcessInitializeOnLoadMethodAttributes (23ms)
				AfterProcessingInitializeOnLoad (6ms)
				EditorAssembliesLoaded (1ms)
			ExecutionOrderSort2 (0ms)
			AwakeInstancesAfterBackupRestoration (68ms)
Platform modules already initialized, skipping
D3D shader create error for pixel shader [0x80070057]
Refreshing native plugins compatible for Editor in 1.70 ms, found 2 plugins.
Preloading 0 native plugins for Editor in 0.00 ms.
Unloading 4388 Unused Serialized files (Serialized files now loaded: 0)
System memory in use before: 230.7 MB.
System memory in use after: 231.1 MB.

Unloading 18 unused Assets to reduce memory usage. Loaded Objects now: 5897.
Total: 12.173300 ms (FindLiveObjects: 1.010800 ms CreateObjectMapping: 0.335300 ms MarkObjects: 10.622100 ms  DeleteObjects: 0.203300 ms)

AssetImportParameters requested are different than current active one (requested -> active):
  custom:framework-win-MediaFoundation: 216162199b28c13a410421893ffa2e32 -> 
  custom:video-decoder-ogg-theora: a1e56fd34408186e4bbccfd4996cb3dc -> 
  custom:container-muxer-webm: aa71ff27fc2769a1b78a27578f13a17b -> 
  custom:container-demuxer-webm: 4f35f7cbe854078d1ac9338744f61a02 -> 
  custom:container-demuxer-ogg: 62fdf1f143b41e24485cea50d1cbac27 -> 
  custom:video-encoder-webm-vp8: eb34c28f22e8b96e1ab97ce403110664 -> 
  custom:video-decoder-webm-vp8: 9c59270c3fd7afecdb556c50c9e8de78 -> 
  custom:audio-decoder-ogg-vorbis: bf7c407c2cedff20999df2af8eb42d56 -> 
  custom:audio-encoder-webm-vorbis: bf7c407c2cedff20999df2af8eb42d56 -> 
========================================================================
Received Prepare
Registering precompiled user dll's ...
Registered in 0.011541 seconds.
Begin MonoManager ReloadAssembly
Native extension for WindowsStandalone target not found
Refreshing native plugins compatible for Editor in 2.50 ms, found 2 plugins.
Preloading 0 native plugins for Editor in 0.00 ms.
Mono: successfully reloaded assembly
- Completed reload, in  7.448 seconds
Domain Reload Profiling:
	ReloadAssembly (7450ms)
		BeginReloadAssembly (389ms)
			ExecutionOrderSort (0ms)
			DisableScriptedObjects (22ms)
			BackupInstance (0ms)
			ReleaseScriptingObjects (0ms)
			CreateAndSetChildDomain (133ms)
		EndReloadAssembly (6898ms)
			LoadAssemblies (247ms)
			RebuildTransferFunctionScriptingTraits (0ms)
			SetupTypeCache (4579ms)
			ReleaseScriptCaches (7ms)
			RebuildScriptCaches (193ms)
			SetupLoadedEditorAssemblies (1248ms)
				LogAssemblyErrors (0ms)
				InitializePlatformSupportModulesInManaged (11ms)
				SetLoadedEditorAssemblies (1ms)
				RefreshPlugins (3ms)
				BeforeProcessingInitializeOnLoad (380ms)
				ProcessInitializeOnLoadAttributes (822ms)
				ProcessInitializeOnLoadMethodAttributes (23ms)
				AfterProcessingInitializeOnLoad (8ms)
				EditorAssembliesLoaded (0ms)
			ExecutionOrderSort2 (0ms)
			AwakeInstancesAfterBackupRestoration (74ms)
Platform modules already initialized, skipping
D3D shader create error for pixel shader [0x80070057]
Refreshing native plugins compatible for Editor in 1.68 ms, found 2 plugins.
Preloading 0 native plugins for Editor in 0.00 ms.
Unloading 4388 Unused Serialized files (Serialized files now loaded: 0)
System memory in use before: 230.5 MB.
System memory in use after: 230.9 MB.

Unloading 18 unused Assets to reduce memory usage. Loaded Objects now: 5899.
Total: 14.280900 ms (FindLiveObjects: 1.092900 ms CreateObjectMapping: 0.270100 ms MarkObjects: 12.724800 ms  DeleteObjects: 0.190600 ms)

AssetImportParameters requested are different than current active one (requested -> active):
  custom:framework-win-MediaFoundation: 216162199b28c13a410421893ffa2e32 -> 
  custom:video-decoder-ogg-theora: a1e56fd34408186e4bbccfd4996cb3dc -> 
  custom:container-muxer-webm: aa71ff27fc2769a1b78a27578f13a17b -> 
  custom:container-demuxer-webm: 4f35f7cbe854078d1ac9338744f61a02 -> 
  custom:container-demuxer-ogg: 62fdf1f143b41e24485cea50d1cbac27 -> 
  custom:video-encoder-webm-vp8: eb34c28f22e8b96e1ab97ce403110664 -> 
  custom:video-decoder-webm-vp8: 9c59270c3fd7afecdb556c50c9e8de78 -> 
  custom:audio-decoder-ogg-vorbis: bf7c407c2cedff20999df2af8eb42d56 -> 
  custom:audio-encoder-webm-vorbis: bf7c407c2cedff20999df2af8eb42d56 -> 
========================================================================
Received Prepare
Registering precompiled user dll's ...
Registered in 0.100308 seconds.
Begin MonoManager ReloadAssembly
Native extension for WindowsStandalone target not found
Refreshing native plugins compatible for Editor in 61.32 ms, found 2 plugins.
Preloading 0 native plugins for Editor in 0.00 ms.
Mono: successfully reloaded assembly
- Completed reload, in  8.276 seconds
Domain Reload Profiling:
	ReloadAssembly (8277ms)
		BeginReloadAssembly (590ms)
			ExecutionOrderSort (0ms)
			DisableScriptedObjects (11ms)
			BackupInstance (0ms)
			ReleaseScriptingObjects (0ms)
			CreateAndSetChildDomain (190ms)
		EndReloadAssembly (7357ms)
			LoadAssemblies (595ms)
			RebuildTransferFunctionScriptingTraits (0ms)
			SetupTypeCache (2156ms)
			ReleaseScriptCaches (5ms)
			RebuildScriptCaches (370ms)
			SetupLoadedEditorAssemblies (2757ms)
				LogAssemblyErrors (0ms)
				InitializePlatformSupportModulesInManaged (36ms)
				SetLoadedEditorAssemblies (59ms)
				RefreshPlugins (62ms)
				BeforeProcessingInitializeOnLoad (707ms)
				ProcessInitializeOnLoadAttributes (1852ms)
				ProcessInitializeOnLoadMethodAttributes (34ms)
				AfterProcessingInitializeOnLoad (7ms)
				EditorAssembliesLoaded (0ms)
			ExecutionOrderSort2 (0ms)
			AwakeInstancesAfterBackupRestoration (74ms)
Platform modules already initialized, skipping
D3D shader create error for pixel shader [0x80070057]
Refreshing native plugins compatible for Editor in 3.00 ms, found 2 plugins.
Preloading 0 native plugins for Editor in 0.00 ms.
Unloading 4388 Unused Serialized files (Serialized files now loaded: 0)
System memory in use before: 230.7 MB.
System memory in use after: 231.1 MB.

Unloading 18 unused Assets to reduce memory usage. Loaded Objects now: 5901.
Total: 14.273800 ms (FindLiveObjects: 1.550200 ms CreateObjectMapping: 0.415800 ms MarkObjects: 11.893600 ms  DeleteObjects: 0.411100 ms)

AssetImportParameters requested are different than current active one (requested -> active):
  custom:framework-win-MediaFoundation: 216162199b28c13a410421893ffa2e32 -> 
  custom:video-decoder-ogg-theora: a1e56fd34408186e4bbccfd4996cb3dc -> 
  custom:container-muxer-webm: aa71ff27fc2769a1b78a27578f13a17b -> 
  custom:container-demuxer-webm: 4f35f7cbe854078d1ac9338744f61a02 -> 
  custom:container-demuxer-ogg: 62fdf1f143b41e24485cea50d1cbac27 -> 
  custom:video-encoder-webm-vp8: eb34c28f22e8b96e1ab97ce403110664 -> 
  custom:video-decoder-webm-vp8: 9c59270c3fd7afecdb556c50c9e8de78 -> 
  custom:audio-decoder-ogg-vorbis: bf7c407c2cedff20999df2af8eb42d56 -> 
  custom:audio-encoder-webm-vorbis: bf7c407c2cedff20999df2af8eb42d56 -> 
AssetImportWorkerClient::OnTransportError - code=2 error=End of file
